This file contains any messages produced by compilers while
running configure, to aid debugging if configure makes a mistake.

It was created by MPFR configure 4.0.1, which was
generated by GNU Autoconf 2.69.  Invocation command line was

  $ ./configure --prefix=/root/static --enable-static --disable-shared --with-pic --with-gmp=/root/static

## --------- ##
## Platform. ##
## --------- ##

hostname = HK
uname -m = x86_64
uname -r = 4.4.0-117-generic
uname -s = Linux
uname -v = #141-Ubuntu SMP Tue Mar 13 11:58:07 UTC 2018

/usr/bin/uname -p = unknown
/bin/uname -X     = unknown

/bin/arch              = unknown
/usr/bin/arch -k       = unknown
/usr/convex/getsysinfo = unknown
/usr/bin/hostinfo      = unknown
/bin/machine           = unknown
/usr/bin/oslevel       = unknown
/bin/universe          = unknown

PATH: /usr/local/sbin
PATH: /usr/local/bin
PATH: /usr/sbin
PATH: /usr/bin
PATH: /sbin
PATH: /bin
PATH: /usr/games
PATH: /usr/local/games


## ----------- ##
## Core tests. ##
## ----------- ##

configure:2673: checking for a BSD-compatible install
configure:2741: result: /usr/bin/install -c
configure:2752: checking whether build environment is sane
configure:2807: result: yes
configure:2958: checking for a thread-safe mkdir -p
configure:2997: result: /bin/mkdir -p
configure:3004: checking for gawk
configure:3034: result: no
configure:3004: checking for mawk
configure:3020: found /usr/bin/mawk
configure:3031: result: mawk
configure:3042: checking whether make sets $(MAKE)
configure:3064: result: yes
configure:3093: checking whether make supports nested variables
configure:3110: result: yes
configure:3228: checking whether to enable maintainer-specific portions of Makefiles
configure:3237: result: yes
configure:3265: checking build system type
configure:3279: result: x86_64-pc-linux-gnu
configure:3299: checking host system type
configure:3312: result: x86_64-pc-linux-gnu
configure:3333: checking for grep that handles long lines and -e
configure:3391: result: /bin/grep
configure:3396: checking for egrep
configure:3458: result: /bin/grep -E
configure:3463: checking for a sed that does not truncate output
configure:3527: result: /bin/sed
configure:3817: checking for CC and CFLAGS in gmp.h
configure:3852: result: CC=gcc CFLAGS=-O2 -pedantic -fomit-frame-pointer -m64 -mtune=broadwell -march=broadwell
configure:3858: checking for CC=gcc and CFLAGS=-O2 -pedantic -fomit-frame-pointer -m64 -mtune=broadwell -march=broadwell
configure:3862: result: yes
configure:3924: checking for gcc
configure:3951: result: gcc
configure:4180: checking for C compiler version
configure:4189: gcc --version >&5
gcc (Ubuntu 5.4.0-6ubuntu1~16.04.9) 5.4.0 20160609
Copyright (C) 2015 Free Software Foundation, Inc.
This is free software; see the source for copying conditions.  There is NO
warranty; not even for MERCHANTABILITY or FITNESS FOR A PARTICULAR PURPOSE.

configure:4200: $? = 0
configure:4189: gcc -v >&5
Using built-in specs.
COLLECT_GCC=gcc
COLLECT_LTO_WRAPPER=/usr/lib/gcc/x86_64-linux-gnu/5/lto-wrapper
Target: x86_64-linux-gnu
Configured with: ../src/configure -v --with-pkgversion='Ubuntu 5.4.0-6ubuntu1~16.04.9' --with-bugurl=file:///usr/share/doc/gcc-5/README.Bugs --enable-languages=c,ada,c++,java,go,d,fortran,objc,obj-c++ --prefix=/usr --program-suffix=-5 --enable-shared --enable-linker-build-id --libexecdir=/usr/lib --without-included-gettext --enable-threads=posix --libdir=/usr/lib --enable-nls --with-sysroot=/ --enable-clocale=gnu --enable-libstdcxx-debug --enable-libstdcxx-time=yes --with-default-libstdcxx-abi=new --enable-gnu-unique-object --disable-vtable-verify --enable-libmpx --enable-plugin --with-system-zlib --disable-browser-plugin --enable-java-awt=gtk --enable-gtk-cairo --with-java-home=/usr/lib/jvm/java-1.5.0-gcj-5-amd64/jre --enable-java-home --with-jvm-root-dir=/usr/lib/jvm/java-1.5.0-gcj-5-amd64 --with-jvm-jar-dir=/usr/lib/jvm-exports/java-1.5.0-gcj-5-amd64 --with-arch-directory=amd64 --with-ecj-jar=/usr/share/java/eclipse-ecj.jar --enable-objc-gc --enable-multiarch --disable-werror --with-arch-32=i686 --with-abi=m64 --with-multilib-list=m32,m64,mx32 --enable-multilib --with-tune=generic --enable-checking=release --build=x86_64-linux-gnu --host=x86_64-linux-gnu --target=x86_64-linux-gnu
Thread model: posix
gcc version 5.4.0 20160609 (Ubuntu 5.4.0-6ubuntu1~16.04.9) 
configure:4200: $? = 0
configure:4189: gcc -V >&5
gcc: error: unrecognized command line option '-V'
gcc: fatal error: no input files
compilation terminated.
configure:4200: $? = 1
configure:4189: gcc -qversion >&5
gcc: error: unrecognized command line option '-qversion'
gcc: fatal error: no input files
compilation terminated.
configure:4200: $? = 1
configure:4220: checking whether the C compiler works
configure:4242: gcc -O2 -pedantic -fomit-frame-pointer -m64 -mtune=broadwell -march=broadwell  -I/root/static/include  -L/root/static/lib conftest.c  >&5
configure:4246: $? = 0
configure:4294: result: yes
configure:4297: checking for C compiler default output file name
configure:4299: result: a.out
configure:4305: checking for suffix of executables
configure:4312: gcc -o conftest -O2 -pedantic -fomit-frame-pointer -m64 -mtune=broadwell -march=broadwell  -I/root/static/include  -L/root/static/lib conftest.c  >&5
configure:4316: $? = 0
configure:4338: result: 
configure:4360: checking whether we are cross compiling
configure:4368: gcc -o conftest -O2 -pedantic -fomit-frame-pointer -m64 -mtune=broadwell -march=broadwell  -I/root/static/include  -L/root/static/lib conftest.c  >&5
configure:4372: $? = 0
configure:4379: ./conftest
configure:4383: $? = 0
configure:4398: result: no
configure:4403: checking for suffix of object files
configure:4425: gcc -c -O2 -pedantic -fomit-frame-pointer -m64 -mtune=broadwell -march=broadwell  -I/root/static/include conftest.c >&5
configure:4429: $? = 0
configure:4450: result: o
configure:4454: checking whether we are using the GNU C compiler
configure:4473: gcc -c -O2 -pedantic -fomit-frame-pointer -m64 -mtune=broadwell -march=broadwell  -I/root/static/include conftest.c >&5
configure:4473: $? = 0
configure:4482: result: yes
configure:4491: checking whether gcc accepts -g
configure:4511: gcc -c -g  -I/root/static/include conftest.c >&5
configure:4511: $? = 0
configure:4552: result: yes
configure:4569: checking for gcc option to accept ISO C89
configure:4632: gcc  -c -O2 -pedantic -fomit-frame-pointer -m64 -mtune=broadwell -march=broadwell  -I/root/static/include conftest.c >&5
configure:4632: $? = 0
configure:4645: result: none needed
configure:4670: checking whether gcc understands -c and -o together
configure:4692: gcc -c conftest.c -o conftest2.o
configure:4695: $? = 0
configure:4692: gcc -c conftest.c -o conftest2.o
configure:4695: $? = 0
configure:4707: result: yes
configure:4735: checking for style of include used by make
configure:4763: result: GNU
configure:4789: checking dependency style of gcc
configure:4900: result: gcc3
configure:4920: checking how to run the C preprocessor
configure:4951: gcc -E  -I/root/static/include conftest.c
configure:4951: $? = 0
configure:4965: gcc -E  -I/root/static/include conftest.c
conftest.c:9:28: fatal error: ac_nonexistent.h: No such file or directory
compilation terminated.
configure:4965: $? = 1
configure: failed program was:
| /* confdefs.h */
| #define PACKAGE_NAME "MPFR"
| #define PACKAGE_TARNAME "mpfr"
| #define PACKAGE_VERSION "4.0.1"
| #define PACKAGE_STRING "MPFR 4.0.1"
| #define PACKAGE_BUGREPORT ""
| #define PACKAGE_URL ""
| /* end confdefs.h.  */
| #include <ac_nonexistent.h>
configure:4990: result: gcc -E
configure:5010: gcc -E  -I/root/static/include conftest.c
configure:5010: $? = 0
configure:5024: gcc -E  -I/root/static/include conftest.c
conftest.c:9:28: fatal error: ac_nonexistent.h: No such file or directory
compilation terminated.
configure:5024: $? = 1
configure: failed program was:
| /* confdefs.h */
| #define PACKAGE_NAME "MPFR"
| #define PACKAGE_TARNAME "mpfr"
| #define PACKAGE_VERSION "4.0.1"
| #define PACKAGE_STRING "MPFR 4.0.1"
| #define PACKAGE_BUGREPORT ""
| #define PACKAGE_URL ""
| /* end confdefs.h.  */
| #include <ac_nonexistent.h>
configure:5109: checking for ar
configure:5125: found /usr/bin/ar
configure:5136: result: ar
configure:5162: checking the archiver (ar) interface
configure:5178: gcc -c -O2 -pedantic -fomit-frame-pointer -m64 -mtune=broadwell -march=broadwell  -I/root/static/include conftest.c >&5
configure:5178: $? = 0
configure:5180: ar cru libconftest.a conftest.o >&5
ar: `u' modifier ignored since `D' is the default (see `U')
configure:5183: $? = 0
configure:5211: result: ar
configure:5278: checking how to print strings
configure:5305: result: printf
configure:5326: checking for a sed that does not truncate output
configure:5390: result: /bin/sed
configure:5408: checking for fgrep
configure:5470: result: /bin/grep -F
configure:5505: checking for ld used by gcc
configure:5572: result: /usr/bin/ld
configure:5579: checking if the linker (/usr/bin/ld) is GNU ld
configure:5594: result: yes
configure:5606: checking for BSD- or MS-compatible name lister (nm)
configure:5660: result: /usr/bin/nm -B
configure:5790: checking the name lister (/usr/bin/nm -B) interface
configure:5797: gcc -c -O2 -pedantic -fomit-frame-pointer -m64 -mtune=broadwell -march=broadwell  -I/root/static/include conftest.c >&5
configure:5800: /usr/bin/nm -B "conftest.o"
configure:5803: output
0000000000000000 B some_variable
configure:5810: result: BSD nm
configure:5813: checking whether ln -s works
configure:5817: result: yes
configure:5825: checking the maximum length of command line arguments
configure:5956: result: 1572864
configure:6004: checking how to convert x86_64-pc-linux-gnu file names to x86_64-pc-linux-gnu format
configure:6044: result: func_convert_file_noop
configure:6051: checking how to convert x86_64-pc-linux-gnu file names to toolchain format
configure:6071: result: func_convert_file_noop
configure:6078: checking for /usr/bin/ld option to reload object files
configure:6085: result: -r
configure:6159: checking for objdump
configure:6175: found /usr/bin/objdump
configure:6186: result: objdump
configure:6215: checking how to recognize dependent libraries
configure:6415: result: pass_all
configure:6500: checking for dlltool
configure:6530: result: no
configure:6557: checking how to associate runtime and link libraries
configure:6584: result: printf %s\n
configure:6708: checking for archiver @FILE support
configure:6725: gcc -c -O2 -pedantic -fomit-frame-pointer -m64 -mtune=broadwell -march=broadwell  -I/root/static/include conftest.c >&5
configure:6725: $? = 0
configure:6728: ar cru libconftest.a @conftest.lst >&5
ar: `u' modifier ignored since `D' is the default (see `U')
configure:6731: $? = 0
configure:6736: ar cru libconftest.a @conftest.lst >&5
ar: `u' modifier ignored since `D' is the default (see `U')
ar: conftest.o: No such file or directory
configure:6739: $? = 1
configure:6751: result: @
configure:6809: checking for strip
configure:6825: found /usr/bin/strip
configure:6836: result: strip
configure:6908: checking for ranlib
configure:6924: found /usr/bin/ranlib
configure:6935: result: ranlib
configure:7037: checking command to parse /usr/bin/nm -B output from gcc object
configure:7190: gcc -c -O2 -pedantic -fomit-frame-pointer -m64 -mtune=broadwell -march=broadwell  -I/root/static/include conftest.c >&5
configure:7193: $? = 0
configure:7197: /usr/bin/nm -B conftest.o \| sed -n -e 's/^.*[ ]\([ABCDGIRSTW][ABCDGIRSTW]*\)[ ][ ]*\([_A-Za-z][_A-Za-z0-9]*\)$/\1 \2 \2/p' | sed '/ __gnu_lto/d' \> conftest.nm
configure:7200: $? = 0
configure:7266: gcc -o conftest -O2 -pedantic -fomit-frame-pointer -m64 -mtune=broadwell -march=broadwell  -I/root/static/include  -L/root/static/lib conftest.c conftstm.o >&5
conftest.c:29:20: warning: ISO C forbids conversion of function pointer to object pointer type [-Wpedantic]
   {"nm_test_func", (void *) &nm_test_func},
                    ^
configure:7269: $? = 0
configure:7307: result: ok
configure:7354: checking for sysroot
configure:7384: result: no
configure:7391: checking for a working dd
configure:7429: result: /bin/dd
configure:7433: checking how to truncate binary pipes
configure:7448: result: /bin/dd bs=4096 count=1
configure:7584: gcc -c -O2 -pedantic -fomit-frame-pointer -m64 -mtune=broadwell -march=broadwell  -I/root/static/include conftest.c >&5
configure:7587: $? = 0
configure:7777: checking for mt
configure:7793: found /bin/mt
configure:7804: result: mt
configure:7827: checking if mt is a manifest tool
configure:7833: mt '-?'
configure:7841: result: no
configure:8514: checking for ANSI C header files
configure:8534: gcc -c -O2 -pedantic -fomit-frame-pointer -m64 -mtune=broadwell -march=broadwell  -I/root/static/include conftest.c >&5
configure:8534: $? = 0
configure:8607: gcc -o conftest -O2 -pedantic -fomit-frame-pointer -m64 -mtune=broadwell -march=broadwell  -I/root/static/include  -L/root/static/lib conftest.c  >&5
configure:8607: $? = 0
configure:8607: ./conftest
configure:8607: $? = 0
configure:8618: result: yes
configure:8631: checking for sys/types.h
configure:8631: gcc -c -O2 -pedantic -fomit-frame-pointer -m64 -mtune=broadwell -march=broadwell  -I/root/static/include conftest.c >&5
configure:8631: $? = 0
configure:8631: result: yes
configure:8631: checking for sys/stat.h
configure:8631: gcc -c -O2 -pedantic -fomit-frame-pointer -m64 -mtune=broadwell -march=broadwell  -I/root/static/include conftest.c >&5
configure:8631: $? = 0
configure:8631: result: yes
configure:8631: checking for stdlib.h
configure:8631: gcc -c -O2 -pedantic -fomit-frame-pointer -m64 -mtune=broadwell -march=broadwell  -I/root/static/include conftest.c >&5
configure:8631: $? = 0
configure:8631: result: yes
configure:8631: checking for string.h
configure:8631: gcc -c -O2 -pedantic -fomit-frame-pointer -m64 -mtune=broadwell -march=broadwell  -I/root/static/include conftest.c >&5
configure:8631: $? = 0
configure:8631: result: yes
configure:8631: checking for memory.h
configure:8631: gcc -c -O2 -pedantic -fomit-frame-pointer -m64 -mtune=broadwell -march=broadwell  -I/root/static/include conftest.c >&5
configure:8631: $? = 0
configure:8631: result: yes
configure:8631: checking for strings.h
configure:8631: gcc -c -O2 -pedantic -fomit-frame-pointer -m64 -mtune=broadwell -march=broadwell  -I/root/static/include conftest.c >&5
configure:8631: $? = 0
configure:8631: result: yes
configure:8631: checking for inttypes.h
configure:8631: gcc -c -O2 -pedantic -fomit-frame-pointer -m64 -mtune=broadwell -march=broadwell  -I/root/static/include conftest.c >&5
configure:8631: $? = 0
configure:8631: result: yes
configure:8631: checking for stdint.h
configure:8631: gcc -c -O2 -pedantic -fomit-frame-pointer -m64 -mtune=broadwell -march=broadwell  -I/root/static/include conftest.c >&5
configure:8631: $? = 0
configure:8631: result: yes
configure:8631: checking for unistd.h
configure:8631: gcc -c -O2 -pedantic -fomit-frame-pointer -m64 -mtune=broadwell -march=broadwell  -I/root/static/include conftest.c >&5
configure:8631: $? = 0
configure:8631: result: yes
configure:8645: checking for dlfcn.h
configure:8645: gcc -c -O2 -pedantic -fomit-frame-pointer -m64 -mtune=broadwell -march=broadwell  -I/root/static/include conftest.c >&5
configure:8645: $? = 0
configure:8645: result: yes
configure:9199: checking for objdir
configure:9214: result: .libs
configure:9478: checking if gcc supports -fno-rtti -fno-exceptions
configure:9496: gcc -c -O2 -pedantic -fomit-frame-pointer -m64 -mtune=broadwell -march=broadwell  -I/root/static/include -fno-rtti -fno-exceptions conftest.c >&5
cc1: warning: command line option '-fno-rtti' is valid for C++/ObjC++ but not for C
configure:9500: $? = 0
configure:9513: result: no
configure:9871: checking for gcc option to produce PIC
configure:9878: result: -fPIC -DPIC
configure:9886: checking if gcc PIC flag -fPIC -DPIC works
configure:9904: gcc -c -O2 -pedantic -fomit-frame-pointer -m64 -mtune=broadwell -march=broadwell  -I/root/static/include -fPIC -DPIC -DPIC conftest.c >&5
configure:9908: $? = 0
configure:9921: result: yes
configure:9950: checking if gcc static flag -static works
configure:9978: result: yes
configure:9993: checking if gcc supports -c -o file.o
configure:10014: gcc -c -O2 -pedantic -fomit-frame-pointer -m64 -mtune=broadwell -march=broadwell  -I/root/static/include -o out/conftest2.o conftest.c >&5
configure:10018: $? = 0
configure:10040: result: yes
configure:10048: checking if gcc supports -c -o file.o
configure:10095: result: yes
configure:10128: checking whether the gcc linker (/usr/bin/ld -m elf_x86_64) supports shared libraries
configure:11393: result: yes
configure:11633: checking dynamic linker characteristics
configure:12214: gcc -o conftest -O2 -pedantic -fomit-frame-pointer -m64 -mtune=broadwell -march=broadwell  -I/root/static/include  -L/root/static/lib -Wl,-rpath -Wl,/foo conftest.c  >&5
configure:12214: $? = 0
configure:12463: result: GNU/Linux ld.so
configure:12585: checking how to hardcode library paths into programs
configure:12610: result: immediate
configure:13158: checking whether stripping libraries is possible
configure:13163: result: yes
configure:13198: checking if libtool supports shared libraries
configure:13200: result: yes
configure:13203: checking whether to build shared libraries
configure:13228: result: no
configure:13231: checking whether to build static libraries
configure:13235: result: yes
configure:13273: checking format of `double' floating point
configure:13309: gcc -o conftest -O2 -pedantic -fomit-frame-pointer -m64 -mtune=broadwell -march=broadwell  -I/root/static/include  -L/root/static/lib conftest.c  >&5
configure:13309: $? = 0
configure:13309: ./conftest
configure:13309: $? = 1
configure: program exited with status 1
configure: failed program was:
| /* confdefs.h */
| #define PACKAGE_NAME "MPFR"
| #define PACKAGE_TARNAME "mpfr"
| #define PACKAGE_VERSION "4.0.1"
| #define PACKAGE_STRING "MPFR 4.0.1"
| #define PACKAGE_BUGREPORT ""
| #define PACKAGE_URL ""
| #define STDC_HEADERS 1
| #define HAVE_SYS_TYPES_H 1
| #define HAVE_SYS_STAT_H 1
| #define HAVE_STDLIB_H 1
| #define HAVE_STRING_H 1
| #define HAVE_MEMORY_H 1
| #define HAVE_STRINGS_H 1
| #define HAVE_INTTYPES_H 1
| #define HAVE_STDINT_H 1
| #define HAVE_UNISTD_H 1
| #define HAVE_DLFCN_H 1
| #define LT_OBJDIR ".libs/"
| /* end confdefs.h.  */
| 
| 
| int
| main (void)
| {
| 
| union ieee_double_extract
| {
|   double d;
|   unsigned char x[8];
| } t;
| t.d = 2.877939254133025759330166692961938679218292236328125; /* exact */
| if (sizeof (double) != 8)
|    return 0;
| if (sizeof (unsigned char) != 1)
|    return 0;
| if (t.x[0] == 1 && t.x[1] == 2 && t.x[2] == 3 && t.x[3] == 4 &&
|     t.x[4] == 5 && t.x[5] == 6 && t.x[6] == 7 && t.x[7] == 64)
|    return 1; /* little endian */
| else if (t.x[7] == 1 && t.x[6] == 2 && t.x[5] == 3 && t.x[4] == 4 &&
|     t.x[3] == 5 && t.x[2] == 6 && t.x[1] == 7 && t.x[0] == 64)
|    return 2; /* big endian */
| else
|    return 0; /* unknown */
| 
|   ;
|   return 0;
| }
configure:13319: result: IEEE little endian
configure:13415: checking for ICC
configure:13433: gcc -c -O2 -pedantic -fomit-frame-pointer -m64 -mtune=broadwell -march=broadwell  -I/root/static/include conftest.c >&5
conftest.c:24:3: error: #error "Not ICC"
 # error "Not ICC"
   ^
conftest.c:28:1: error: expected '=', ',', ';', 'asm' or '__attribute__' before 'int'
 int
 ^
configure:13433: $? = 1
configure: failed program was:
| /* confdefs.h */
| #define PACKAGE_NAME "MPFR"
| #define PACKAGE_TARNAME "mpfr"
| #define PACKAGE_VERSION "4.0.1"
| #define PACKAGE_STRING "MPFR 4.0.1"
| #define PACKAGE_BUGREPORT ""
| #define PACKAGE_URL ""
| #define STDC_HEADERS 1
| #define HAVE_SYS_TYPES_H 1
| #define HAVE_SYS_STAT_H 1
| #define HAVE_STDLIB_H 1
| #define HAVE_STRING_H 1
| #define HAVE_MEMORY_H 1
| #define HAVE_STRINGS_H 1
| #define HAVE_INTTYPES_H 1
| #define HAVE_STDINT_H 1
| #define HAVE_UNISTD_H 1
| #define HAVE_DLFCN_H 1
| #define LT_OBJDIR ".libs/"
| #define HAVE_DOUBLE_IEEE_LITTLE_ENDIAN 1
| /* end confdefs.h.  */
| 
| #if !defined(__ICC)
| # error "Not ICC"
| error
| #endif
| 
| int
| main (void)
| {
| 
|   ;
|   return 0;
| }
configure:13440: result: no
configure:13447: checking whether the selected language is C++
configure:13465: gcc -c -Wpointer-arith -O2 -pedantic -fomit-frame-pointer -m64 -mtune=broadwell -march=broadwell  -I/root/static/include conftest.c >&5
configure:13465: $? = 0
configure:13467: result: no
configure:13518: checking for an ANSI C-conforming const
configure:13584: gcc -c -Wall -Wmissing-prototypes -Wpointer-arith -O2 -pedantic -fomit-frame-pointer -m64 -mtune=broadwell -march=broadwell  -I/root/static/include conftest.c >&5
configure:13584: $? = 0
configure:13591: result: yes
configure:13599: checking for working volatile
configure:13618: gcc -c -Wall -Wmissing-prototypes -Wpointer-arith -O2 -pedantic -fomit-frame-pointer -m64 -mtune=broadwell -march=broadwell  -I/root/static/include conftest.c >&5
configure:13618: $? = 0
configure:13625: result: yes
configure:13633: checking whether byte ordering is bigendian
configure:13648: gcc -c -Wall -Wmissing-prototypes -Wpointer-arith -O2 -pedantic -fomit-frame-pointer -m64 -mtune=broadwell -march=broadwell  -I/root/static/include conftest.c >&5
conftest.c:23:9: error: unknown type name 'not'
         not a universal capable compiler
         ^
conftest.c:23:15: error: expected '=', ',', ';', 'asm' or '__attribute__' before 'universal'
         not a universal capable compiler
               ^
conftest.c:23:15: error: unknown type name 'universal'
configure:13648: $? = 1
configure: failed program was:
| /* confdefs.h */
| #define PACKAGE_NAME "MPFR"
| #define PACKAGE_TARNAME "mpfr"
| #define PACKAGE_VERSION "4.0.1"
| #define PACKAGE_STRING "MPFR 4.0.1"
| #define PACKAGE_BUGREPORT ""
| #define PACKAGE_URL ""
| #define STDC_HEADERS 1
| #define HAVE_SYS_TYPES_H 1
| #define HAVE_SYS_STAT_H 1
| #define HAVE_STDLIB_H 1
| #define HAVE_STRING_H 1
| #define HAVE_MEMORY_H 1
| #define HAVE_STRINGS_H 1
| #define HAVE_INTTYPES_H 1
| #define HAVE_STDINT_H 1
| #define HAVE_UNISTD_H 1
| #define HAVE_DLFCN_H 1
| #define LT_OBJDIR ".libs/"
| #define HAVE_DOUBLE_IEEE_LITTLE_ENDIAN 1
| /* end confdefs.h.  */
| #ifndef __APPLE_CC__
| 	       not a universal capable compiler
| 	     #endif
| 	     typedef int dummy;
| 
configure:13693: gcc -c -Wall -Wmissing-prototypes -Wpointer-arith -O2 -pedantic -fomit-frame-pointer -m64 -mtune=broadwell -march=broadwell  -I/root/static/include conftest.c >&5
configure:13693: $? = 0
configure:13711: gcc -c -Wall -Wmissing-prototypes -Wpointer-arith -O2 -pedantic -fomit-frame-pointer -m64 -mtune=broadwell -march=broadwell  -I/root/static/include conftest.c >&5
conftest.c: In function 'main':
conftest.c:29:4: error: unknown type name 'not'
    not big endian
    ^
conftest.c:29:12: error: expected '=', ',', ';', 'asm' or '__attribute__' before 'endian'
    not big endian
            ^
configure:13711: $? = 1
configure: failed program was:
| /* confdefs.h */
| #define PACKAGE_NAME "MPFR"
| #define PACKAGE_TARNAME "mpfr"
| #define PACKAGE_VERSION "4.0.1"
| #define PACKAGE_STRING "MPFR 4.0.1"
| #define PACKAGE_BUGREPORT ""
| #define PACKAGE_URL ""
| #define STDC_HEADERS 1
| #define HAVE_SYS_TYPES_H 1
| #define HAVE_SYS_STAT_H 1
| #define HAVE_STDLIB_H 1
| #define HAVE_STRING_H 1
| #define HAVE_MEMORY_H 1
| #define HAVE_STRINGS_H 1
| #define HAVE_INTTYPES_H 1
| #define HAVE_STDINT_H 1
| #define HAVE_UNISTD_H 1
| #define HAVE_DLFCN_H 1
| #define LT_OBJDIR ".libs/"
| #define HAVE_DOUBLE_IEEE_LITTLE_ENDIAN 1
| /* end confdefs.h.  */
| #include <sys/types.h>
| 		#include <sys/param.h>
| 
| int
| main (void)
| {
| #if BYTE_ORDER != BIG_ENDIAN
| 		 not big endian
| 		#endif
| 
|   ;
|   return 0;
| }
configure:13839: result: no
configure:14014: checking for main in -lm
configure:14033: gcc -o conftest -Wall -Wmissing-prototypes -Wpointer-arith -O2 -pedantic -fomit-frame-pointer -m64 -mtune=broadwell -march=broadwell  -I/root/static/include  -L/root/static/lib conftest.c -lm   >&5
configure:14033: $? = 0
configure:14042: result: yes
configure:14056: checking for main in -lquadmath
configure:14075: gcc -o conftest -Wall -Wmissing-prototypes -Wpointer-arith -O2 -pedantic -fomit-frame-pointer -m64 -mtune=broadwell -march=broadwell  -I/root/static/include  -L/root/static/lib conftest.c -lquadmath   >&5
configure:14075: $? = 0
configure:14084: result: yes
configure:14093: checking whether time.h and sys/time.h may both be included
configure:14113: gcc -c -Wall -Wmissing-prototypes -Wpointer-arith -O2 -pedantic -fomit-frame-pointer -m64 -mtune=broadwell -march=broadwell  -I/root/static/include conftest.c >&5
configure:14113: $? = 0
configure:14120: result: yes
configure:14128: checking for size_t
configure:14128: gcc -c -Wall -Wmissing-prototypes -Wpointer-arith -O2 -pedantic -fomit-frame-pointer -m64 -mtune=broadwell -march=broadwell  -I/root/static/include conftest.c >&5
configure:14128: $? = 0
configure:14128: gcc -c -Wall -Wmissing-prototypes -Wpointer-arith -O2 -pedantic -fomit-frame-pointer -m64 -mtune=broadwell -march=broadwell  -I/root/static/include conftest.c >&5
conftest.c: In function 'main':
conftest.c:60:21: error: expected expression before ')' token
 if (sizeof ((size_t)))
                     ^
configure:14128: $? = 1
configure: failed program was:
| /* confdefs.h */
| #define PACKAGE_NAME "MPFR"
| #define PACKAGE_TARNAME "mpfr"
| #define PACKAGE_VERSION "4.0.1"
| #define PACKAGE_STRING "MPFR 4.0.1"
| #define PACKAGE_BUGREPORT ""
| #define PACKAGE_URL ""
| #define STDC_HEADERS 1
| #define HAVE_SYS_TYPES_H 1
| #define HAVE_SYS_STAT_H 1
| #define HAVE_STDLIB_H 1
| #define HAVE_STRING_H 1
| #define HAVE_MEMORY_H 1
| #define HAVE_STRINGS_H 1
| #define HAVE_INTTYPES_H 1
| #define HAVE_STDINT_H 1
| #define HAVE_UNISTD_H 1
| #define HAVE_DLFCN_H 1
| #define LT_OBJDIR ".libs/"
| #define HAVE_DOUBLE_IEEE_LITTLE_ENDIAN 1
| #define HAVE_LITTLE_ENDIAN 1
| #define TIME_WITH_SYS_TIME 1
| /* end confdefs.h.  */
| #include <stdio.h>
| #ifdef HAVE_SYS_TYPES_H
| # include <sys/types.h>
| #endif
| #ifdef HAVE_SYS_STAT_H
| # include <sys/stat.h>
| #endif
| #ifdef STDC_HEADERS
| # include <stdlib.h>
| # include <stddef.h>
| #else
| # ifdef HAVE_STDLIB_H
| #  include <stdlib.h>
| # endif
| #endif
| #ifdef HAVE_STRING_H
| # if !defined STDC_HEADERS && defined HAVE_MEMORY_H
| #  include <memory.h>
| # endif
| # include <string.h>
| #endif
| #ifdef HAVE_STRINGS_H
| # include <strings.h>
| #endif
| #ifdef HAVE_INTTYPES_H
| # include <inttypes.h>
| #endif
| #ifdef HAVE_STDINT_H
| # include <stdint.h>
| #endif
| #ifdef HAVE_UNISTD_H
| # include <unistd.h>
| #endif
| int
| main (void)
| {
| if (sizeof ((size_t)))
| 	    return 0;
|   ;
|   return 0;
| }
configure:14128: result: yes
configure:14146: checking limits.h usability
configure:14146: gcc -c -Wall -Wmissing-prototypes -Wpointer-arith -O2 -pedantic -fomit-frame-pointer -m64 -mtune=broadwell -march=broadwell  -I/root/static/include conftest.c >&5
configure:14146: $? = 0
configure:14146: result: yes
configure:14146: checking limits.h presence
configure:14146: gcc -E  -I/root/static/include conftest.c
configure:14146: $? = 0
configure:14146: result: yes
configure:14146: checking for limits.h
configure:14146: result: yes
configure:14154: checking float.h usability
configure:14154: gcc -c -Wall -Wmissing-prototypes -Wpointer-arith -O2 -pedantic -fomit-frame-pointer -m64 -mtune=broadwell -march=broadwell  -I/root/static/include conftest.c >&5
configure:14154: $? = 0
configure:14154: result: yes
configure:14154: checking float.h presence
configure:14154: gcc -E  -I/root/static/include conftest.c
configure:14154: $? = 0
configure:14154: result: yes
configure:14154: checking for float.h
configure:14154: result: yes
configure:14162: checking for string.h
configure:14162: result: yes
configure:14173: checking locale.h usability
configure:14173: gcc -c -Wall -Wmissing-prototypes -Wpointer-arith -O2 -pedantic -fomit-frame-pointer -m64 -mtune=broadwell -march=broadwell  -I/root/static/include conftest.c >&5
configure:14173: $? = 0
configure:14173: result: yes
configure:14173: checking locale.h presence
configure:14173: gcc -E  -I/root/static/include conftest.c
configure:14173: $? = 0
configure:14173: result: yes
configure:14173: checking for locale.h
configure:14173: result: yes
configure:14186: checking wchar.h usability
configure:14186: gcc -c -Wall -Wmissing-prototypes -Wpointer-arith -O2 -pedantic -fomit-frame-pointer -m64 -mtune=broadwell -march=broadwell  -I/root/static/include conftest.c >&5
configure:14186: $? = 0
configure:14186: result: yes
configure:14186: checking wchar.h presence
configure:14186: gcc -E  -I/root/static/include conftest.c
configure:14186: $? = 0
configure:14186: result: yes
configure:14186: checking for wchar.h
configure:14186: result: yes
configure:14197: checking stdarg.h usability
configure:14197: gcc -c -Wall -Wmissing-prototypes -Wpointer-arith -O2 -pedantic -fomit-frame-pointer -m64 -mtune=broadwell -march=broadwell  -I/root/static/include conftest.c >&5
configure:14197: $? = 0
configure:14197: result: yes
configure:14197: checking stdarg.h presence
configure:14197: gcc -E  -I/root/static/include conftest.c
configure:14197: $? = 0
configure:14197: result: yes
configure:14197: checking for stdarg.h
configure:14197: result: yes
configure:14218: checking sys/time.h usability
configure:14218: gcc -c -Wall -Wmissing-prototypes -Wpointer-arith -O2 -pedantic -fomit-frame-pointer -m64 -mtune=broadwell -march=broadwell  -I/root/static/include conftest.c >&5
configure:14218: $? = 0
configure:14218: result: yes
configure:14218: checking sys/time.h presence
configure:14218: gcc -E  -I/root/static/include conftest.c
configure:14218: $? = 0
configure:14218: result: yes
configure:14218: checking for sys/time.h
configure:14218: result: yes
configure:14218: checking sys/fpu.h usability
configure:14218: gcc -c -Wall -Wmissing-prototypes -Wpointer-arith -O2 -pedantic -fomit-frame-pointer -m64 -mtune=broadwell -march=broadwell  -I/root/static/include conftest.c >&5
conftest.c:61:21: fatal error: sys/fpu.h: No such file or directory
compilation terminated.
configure:14218: $? = 1
configure: failed program was:
| /* confdefs.h */
| #define PACKAGE_NAME "MPFR"
| #define PACKAGE_TARNAME "mpfr"
| #define PACKAGE_VERSION "4.0.1"
| #define PACKAGE_STRING "MPFR 4.0.1"
| #define PACKAGE_BUGREPORT ""
| #define PACKAGE_URL ""
| #define STDC_HEADERS 1
| #define HAVE_SYS_TYPES_H 1
| #define HAVE_SYS_STAT_H 1
| #define HAVE_STDLIB_H 1
| #define HAVE_STRING_H 1
| #define HAVE_MEMORY_H 1
| #define HAVE_STRINGS_H 1
| #define HAVE_INTTYPES_H 1
| #define HAVE_STDINT_H 1
| #define HAVE_UNISTD_H 1
| #define HAVE_DLFCN_H 1
| #define LT_OBJDIR ".libs/"
| #define HAVE_DOUBLE_IEEE_LITTLE_ENDIAN 1
| #define HAVE_LITTLE_ENDIAN 1
| #define TIME_WITH_SYS_TIME 1
| #define HAVE_LOCALE_H 1
| #define HAVE_WCHAR_H 1
| #define HAVE_STDARG 1
| #define HAVE_SYS_TIME_H 1
| /* end confdefs.h.  */
| #include <stdio.h>
| #ifdef HAVE_SYS_TYPES_H
| # include <sys/types.h>
| #endif
| #ifdef HAVE_SYS_STAT_H
| # include <sys/stat.h>
| #endif
| #ifdef STDC_HEADERS
| # include <stdlib.h>
| # include <stddef.h>
| #else
| # ifdef HAVE_STDLIB_H
| #  include <stdlib.h>
| # endif
| #endif
| #ifdef HAVE_STRING_H
| # if !defined STDC_HEADERS && defined HAVE_MEMORY_H
| #  include <memory.h>
| # endif
| # include <string.h>
| #endif
| #ifdef HAVE_STRINGS_H
| # include <strings.h>
| #endif
| #ifdef HAVE_INTTYPES_H
| # include <inttypes.h>
| #endif
| #ifdef HAVE_STDINT_H
| # include <stdint.h>
| #endif
| #ifdef HAVE_UNISTD_H
| # include <unistd.h>
| #endif
| #include <sys/fpu.h>
configure:14218: result: no
configure:14218: checking sys/fpu.h presence
configure:14218: gcc -E  -I/root/static/include conftest.c
conftest.c:28:21: fatal error: sys/fpu.h: No such file or directory
compilation terminated.
configure:14218: $? = 1
configure: failed program was:
| /* confdefs.h */
| #define PACKAGE_NAME "MPFR"
| #define PACKAGE_TARNAME "mpfr"
| #define PACKAGE_VERSION "4.0.1"
| #define PACKAGE_STRING "MPFR 4.0.1"
| #define PACKAGE_BUGREPORT ""
| #define PACKAGE_URL ""
| #define STDC_HEADERS 1
| #define HAVE_SYS_TYPES_H 1
| #define HAVE_SYS_STAT_H 1
| #define HAVE_STDLIB_H 1
| #define HAVE_STRING_H 1
| #define HAVE_MEMORY_H 1
| #define HAVE_STRINGS_H 1
| #define HAVE_INTTYPES_H 1
| #define HAVE_STDINT_H 1
| #define HAVE_UNISTD_H 1
| #define HAVE_DLFCN_H 1
| #define LT_OBJDIR ".libs/"
| #define HAVE_DOUBLE_IEEE_LITTLE_ENDIAN 1
| #define HAVE_LITTLE_ENDIAN 1
| #define TIME_WITH_SYS_TIME 1
| #define HAVE_LOCALE_H 1
| #define HAVE_WCHAR_H 1
| #define HAVE_STDARG 1
| #define HAVE_SYS_TIME_H 1
| /* end confdefs.h.  */
| #include <sys/fpu.h>
configure:14218: result: no
configure:14218: checking for sys/fpu.h
configure:14218: result: no
configure:14229: checking for struct lconv.decimal_point
configure:14229: gcc -c -Wall -Wmissing-prototypes -Wpointer-arith -O2 -pedantic -fomit-frame-pointer -m64 -mtune=broadwell -march=broadwell  -I/root/static/include conftest.c >&5
configure:14229: $? = 0
configure:14229: result: yes
configure:14239: checking for struct lconv.thousands_sep
configure:14239: gcc -c -Wall -Wmissing-prototypes -Wpointer-arith -O2 -pedantic -fomit-frame-pointer -m64 -mtune=broadwell -march=broadwell  -I/root/static/include conftest.c >&5
configure:14239: $? = 0
configure:14239: result: yes
configure:14253: checking for working alloca.h
configure:14270: gcc -o conftest -Wall -Wmissing-prototypes -Wpointer-arith -O2 -pedantic -fomit-frame-pointer -m64 -mtune=broadwell -march=broadwell  -I/root/static/include  -L/root/static/lib conftest.c  >&5
configure:14270: $? = 0
configure:14278: result: yes
configure:14286: checking for alloca
configure:14323: gcc -o conftest -Wall -Wmissing-prototypes -Wpointer-arith -O2 -pedantic -fomit-frame-pointer -m64 -mtune=broadwell -march=broadwell  -I/root/static/include  -L/root/static/lib conftest.c  >&5
configure:14323: $? = 0
configure:14331: result: yes
configure:14438: checking how to copy va_list
configure:14456: gcc -o conftest -Wall -Wmissing-prototypes -Wpointer-arith -O2 -pedantic -fomit-frame-pointer -m64 -mtune=broadwell -march=broadwell  -I/root/static/include  -L/root/static/lib conftest.c  >&5
configure:14456: $? = 0
configure:14458: result: va_copy
configure:14497: checking for memmove
configure:14497: gcc -o conftest -Wall -Wmissing-prototypes -Wpointer-arith -O2 -pedantic -fomit-frame-pointer -m64 -mtune=broadwell -march=broadwell  -I/root/static/include  -L/root/static/lib conftest.c  >&5
conftest.c:56:6: warning: conflicting types for built-in function 'memmove'
 char memmove ();
      ^
configure:14497: $? = 0
configure:14497: result: yes
configure:14497: checking for memset
configure:14497: gcc -o conftest -Wall -Wmissing-prototypes -Wpointer-arith -O2 -pedantic -fomit-frame-pointer -m64 -mtune=broadwell -march=broadwell  -I/root/static/include  -L/root/static/lib conftest.c  >&5
conftest.c:57:6: warning: conflicting types for built-in function 'memset'
 char memset ();
      ^
configure:14497: $? = 0
configure:14497: result: yes
configure:14497: checking for setlocale
configure:14497: gcc -o conftest -Wall -Wmissing-prototypes -Wpointer-arith -O2 -pedantic -fomit-frame-pointer -m64 -mtune=broadwell -march=broadwell  -I/root/static/include  -L/root/static/lib conftest.c  >&5
configure:14497: $? = 0
configure:14497: result: yes
configure:14497: checking for strtol
configure:14497: gcc -o conftest -Wall -Wmissing-prototypes -Wpointer-arith -O2 -pedantic -fomit-frame-pointer -m64 -mtune=broadwell -march=broadwell  -I/root/static/include  -L/root/static/lib conftest.c  >&5
configure:14497: $? = 0
configure:14497: result: yes
configure:14497: checking for gettimeofday
configure:14497: gcc -o conftest -Wall -Wmissing-prototypes -Wpointer-arith -O2 -pedantic -fomit-frame-pointer -m64 -mtune=broadwell -march=broadwell  -I/root/static/include  -L/root/static/lib conftest.c  >&5
configure:14497: $? = 0
configure:14497: result: yes
configure:14497: checking for signal
configure:14497: gcc -o conftest -Wall -Wmissing-prototypes -Wpointer-arith -O2 -pedantic -fomit-frame-pointer -m64 -mtune=broadwell -march=broadwell  -I/root/static/include  -L/root/static/lib conftest.c  >&5
configure:14497: $? = 0
configure:14497: result: yes
configure:14507: checking for sigaction and its associated structure
configure:14526: gcc -o conftest -Wall -Wmissing-prototypes -Wpointer-arith -O2 -pedantic -fomit-frame-pointer -m64 -mtune=broadwell -march=broadwell  -I/root/static/include  -L/root/static/lib conftest.c  >&5
configure:14526: $? = 0
configure:14528: result: yes
configure:14541: checking for long long int
configure:14541: gcc -c -Wall -Wmissing-prototypes -Wpointer-arith -O2 -pedantic -fomit-frame-pointer -m64 -mtune=broadwell -march=broadwell  -I/root/static/include conftest.c >&5
configure:14541: $? = 0
configure:14541: gcc -c -Wall -Wmissing-prototypes -Wpointer-arith -O2 -pedantic -fomit-frame-pointer -m64 -mtune=broadwell -march=broadwell  -I/root/static/include conftest.c >&5
conftest.c: In function 'main':
conftest.c:76:28: error: expected expression before ')' token
 if (sizeof ((long long int)))
                            ^
configure:14541: $? = 1
configure: failed program was:
| /* confdefs.h */
| #define PACKAGE_NAME "MPFR"
| #define PACKAGE_TARNAME "mpfr"
| #define PACKAGE_VERSION "4.0.1"
| #define PACKAGE_STRING "MPFR 4.0.1"
| #define PACKAGE_BUGREPORT ""
| #define PACKAGE_URL ""
| #define STDC_HEADERS 1
| #define HAVE_SYS_TYPES_H 1
| #define HAVE_SYS_STAT_H 1
| #define HAVE_STDLIB_H 1
| #define HAVE_STRING_H 1
| #define HAVE_MEMORY_H 1
| #define HAVE_STRINGS_H 1
| #define HAVE_INTTYPES_H 1
| #define HAVE_STDINT_H 1
| #define HAVE_UNISTD_H 1
| #define HAVE_DLFCN_H 1
| #define LT_OBJDIR ".libs/"
| #define HAVE_DOUBLE_IEEE_LITTLE_ENDIAN 1
| #define HAVE_LITTLE_ENDIAN 1
| #define TIME_WITH_SYS_TIME 1
| #define HAVE_LOCALE_H 1
| #define HAVE_WCHAR_H 1
| #define HAVE_STDARG 1
| #define HAVE_SYS_TIME_H 1
| #define HAVE_STRUCT_LCONV_DECIMAL_POINT 1
| #define HAVE_STRUCT_LCONV_THOUSANDS_SEP 1
| #define HAVE_ALLOCA_H 1
| #define HAVE_ALLOCA 1
| #define HAVE_VA_COPY 1
| #define HAVE_MEMMOVE 1
| #define HAVE_MEMSET 1
| #define HAVE_SETLOCALE 1
| #define HAVE_STRTOL 1
| #define HAVE_GETTIMEOFDAY 1
| #define HAVE_SIGNAL 1
| #define HAVE_SIGACTION 1
| /* end confdefs.h.  */
| #include <stdio.h>
| #ifdef HAVE_SYS_TYPES_H
| # include <sys/types.h>
| #endif
| #ifdef HAVE_SYS_STAT_H
| # include <sys/stat.h>
| #endif
| #ifdef STDC_HEADERS
| # include <stdlib.h>
| # include <stddef.h>
| #else
| # ifdef HAVE_STDLIB_H
| #  include <stdlib.h>
| # endif
| #endif
| #ifdef HAVE_STRING_H
| # if !defined STDC_HEADERS && defined HAVE_MEMORY_H
| #  include <memory.h>
| # endif
| # include <string.h>
| #endif
| #ifdef HAVE_STRINGS_H
| # include <strings.h>
| #endif
| #ifdef HAVE_INTTYPES_H
| # include <inttypes.h>
| #endif
| #ifdef HAVE_STDINT_H
| # include <stdint.h>
| #endif
| #ifdef HAVE_UNISTD_H
| # include <unistd.h>
| #endif
| int
| main (void)
| {
| if (sizeof ((long long int)))
| 	    return 0;
|   ;
|   return 0;
| }
configure:14541: result: yes
configure:14549: checking for intmax_t
configure:14549: gcc -c -Wall -Wmissing-prototypes -Wpointer-arith -O2 -pedantic -fomit-frame-pointer -m64 -mtune=broadwell -march=broadwell  -I/root/static/include conftest.c >&5
configure:14549: $? = 0
configure:14549: gcc -c -Wall -Wmissing-prototypes -Wpointer-arith -O2 -pedantic -fomit-frame-pointer -m64 -mtune=broadwell -march=broadwell  -I/root/static/include conftest.c >&5
conftest.c: In function 'main':
conftest.c:77:23: error: expected expression before ')' token
 if (sizeof ((intmax_t)))
                       ^
configure:14549: $? = 1
configure: failed program was:
| /* confdefs.h */
| #define PACKAGE_NAME "MPFR"
| #define PACKAGE_TARNAME "mpfr"
| #define PACKAGE_VERSION "4.0.1"
| #define PACKAGE_STRING "MPFR 4.0.1"
| #define PACKAGE_BUGREPORT ""
| #define PACKAGE_URL ""
| #define STDC_HEADERS 1
| #define HAVE_SYS_TYPES_H 1
| #define HAVE_SYS_STAT_H 1
| #define HAVE_STDLIB_H 1
| #define HAVE_STRING_H 1
| #define HAVE_MEMORY_H 1
| #define HAVE_STRINGS_H 1
| #define HAVE_INTTYPES_H 1
| #define HAVE_STDINT_H 1
| #define HAVE_UNISTD_H 1
| #define HAVE_DLFCN_H 1
| #define LT_OBJDIR ".libs/"
| #define HAVE_DOUBLE_IEEE_LITTLE_ENDIAN 1
| #define HAVE_LITTLE_ENDIAN 1
| #define TIME_WITH_SYS_TIME 1
| #define HAVE_LOCALE_H 1
| #define HAVE_WCHAR_H 1
| #define HAVE_STDARG 1
| #define HAVE_SYS_TIME_H 1
| #define HAVE_STRUCT_LCONV_DECIMAL_POINT 1
| #define HAVE_STRUCT_LCONV_THOUSANDS_SEP 1
| #define HAVE_ALLOCA_H 1
| #define HAVE_ALLOCA 1
| #define HAVE_VA_COPY 1
| #define HAVE_MEMMOVE 1
| #define HAVE_MEMSET 1
| #define HAVE_SETLOCALE 1
| #define HAVE_STRTOL 1
| #define HAVE_GETTIMEOFDAY 1
| #define HAVE_SIGNAL 1
| #define HAVE_SIGACTION 1
| #define HAVE_LONG_LONG 1
| /* end confdefs.h.  */
| #include <stdio.h>
| #ifdef HAVE_SYS_TYPES_H
| # include <sys/types.h>
| #endif
| #ifdef HAVE_SYS_STAT_H
| # include <sys/stat.h>
| #endif
| #ifdef STDC_HEADERS
| # include <stdlib.h>
| # include <stddef.h>
| #else
| # ifdef HAVE_STDLIB_H
| #  include <stdlib.h>
| # endif
| #endif
| #ifdef HAVE_STRING_H
| # if !defined STDC_HEADERS && defined HAVE_MEMORY_H
| #  include <memory.h>
| # endif
| # include <string.h>
| #endif
| #ifdef HAVE_STRINGS_H
| # include <strings.h>
| #endif
| #ifdef HAVE_INTTYPES_H
| # include <inttypes.h>
| #endif
| #ifdef HAVE_STDINT_H
| # include <stdint.h>
| #endif
| #ifdef HAVE_UNISTD_H
| # include <unistd.h>
| #endif
| int
| main (void)
| {
| if (sizeof ((intmax_t)))
| 	    return 0;
|   ;
|   return 0;
| }
configure:14549: result: yes
configure:14560: checking for working INTMAX_MAX
configure:14580: gcc -c -Wall -Wmissing-prototypes -Wpointer-arith -O2 -pedantic -fomit-frame-pointer -m64 -mtune=broadwell -march=broadwell  -I/root/static/include -I./src conftest.c >&5
configure:14580: $? = 0
configure:14589: result: yes
configure:14596: checking for working printf length modifier for intmax_t
configure:14630: gcc -o conftest -Wall -Wmissing-prototypes -Wpointer-arith -O2 -pedantic -fomit-frame-pointer -m64 -mtune=broadwell -march=broadwell  -I/root/static/include -I./src  -L/root/static/lib conftest.c  >&5
configure:14630: $? = 0
configure:14630: ./conftest
configure:14630: $? = 0
configure:14643: result: j
configure:14654: checking for union fpc_csr
configure:14654: gcc -c -Wall -Wmissing-prototypes -Wpointer-arith -O2 -pedantic -fomit-frame-pointer -m64 -mtune=broadwell -march=broadwell  -I/root/static/include conftest.c >&5
conftest.c: In function 'main':
conftest.c:53:13: error: invalid application of 'sizeof' to incomplete type 'union fpc_csr'
 if (sizeof (union fpc_csr))
             ^
configure:14654: $? = 1
configure: failed program was:
| /* confdefs.h */
| #define PACKAGE_NAME "MPFR"
| #define PACKAGE_TARNAME "mpfr"
| #define PACKAGE_VERSION "4.0.1"
| #define PACKAGE_STRING "MPFR 4.0.1"
| #define PACKAGE_BUGREPORT ""
| #define PACKAGE_URL ""
| #define STDC_HEADERS 1
| #define HAVE_SYS_TYPES_H 1
| #define HAVE_SYS_STAT_H 1
| #define HAVE_STDLIB_H 1
| #define HAVE_STRING_H 1
| #define HAVE_MEMORY_H 1
| #define HAVE_STRINGS_H 1
| #define HAVE_INTTYPES_H 1
| #define HAVE_STDINT_H 1
| #define HAVE_UNISTD_H 1
| #define HAVE_DLFCN_H 1
| #define LT_OBJDIR ".libs/"
| #define HAVE_DOUBLE_IEEE_LITTLE_ENDIAN 1
| #define HAVE_LITTLE_ENDIAN 1
| #define TIME_WITH_SYS_TIME 1
| #define HAVE_LOCALE_H 1
| #define HAVE_WCHAR_H 1
| #define HAVE_STDARG 1
| #define HAVE_SYS_TIME_H 1
| #define HAVE_STRUCT_LCONV_DECIMAL_POINT 1
| #define HAVE_STRUCT_LCONV_THOUSANDS_SEP 1
| #define HAVE_ALLOCA_H 1
| #define HAVE_ALLOCA 1
| #define HAVE_VA_COPY 1
| #define HAVE_MEMMOVE 1
| #define HAVE_MEMSET 1
| #define HAVE_SETLOCALE 1
| #define HAVE_STRTOL 1
| #define HAVE_GETTIMEOFDAY 1
| #define HAVE_SIGNAL 1
| #define HAVE_SIGACTION 1
| #define HAVE_LONG_LONG 1
| #define HAVE_INTMAX_T 1
| #define MPFR_HAVE_INTMAX_MAX 1
| #define MPFR_PRINTF_MAXLM "j"
| /* end confdefs.h.  */
| 
| #if HAVE_SYS_FPU_H
| #  include <sys/fpu.h>
| #endif
| 
| 
| int
| main (void)
| {
| if (sizeof (union fpc_csr))
| 	 return 0;
|   ;
|   return 0;
| }
configure:14654: result: no
configure:14667: checking for _Noreturn
configure:14677: gcc -c -Wall -Wmissing-prototypes -Wpointer-arith -O2 -pedantic -fomit-frame-pointer -m64 -mtune=broadwell -march=broadwell  -I/root/static/include conftest.c >&5
configure:14677: $? = 0
configure:14685: result: yes
configure:14693: checking for __builtin_unreachable
configure:14711: gcc -o conftest -Wall -Wmissing-prototypes -Wpointer-arith -O2 -pedantic -fomit-frame-pointer -m64 -mtune=broadwell -march=broadwell  -I/root/static/include  -L/root/static/lib conftest.c  >&5
configure:14711: $? = 0
configure:14720: result: yes
configure:14729: checking for constructor and destructor attributes
configure:14751: gcc -o conftest -Wall -Wmissing-prototypes -Wpointer-arith -O2 -pedantic -fomit-frame-pointer -m64 -mtune=broadwell -march=broadwell  -I/root/static/include  -L/root/static/lib conftest.c  >&5
configure:14751: $? = 0
configure:14752: result: yes
configure:14954: checking whether gcc is Clang
configure:14979: result: no
configure:15102: checking whether pthreads work with -pthread
configure:15196: gcc -o conftest -Wall -Wmissing-prototypes -Wpointer-arith -O2 -pedantic -fomit-frame-pointer -m64 -mtune=broadwell -march=broadwell -pthread  -I/root/static/include  -L/root/static/lib conftest.c   >&5
configure:15196: $? = 0
configure:15205: result: yes
configure:15224: checking for joinable pthread attribute
configure:15242: gcc -o conftest -Wall -Wmissing-prototypes -Wpointer-arith -O2 -pedantic -fomit-frame-pointer -m64 -mtune=broadwell -march=broadwell -pthread  -I/root/static/include  -L/root/static/lib conftest.c   >&5
configure:15242: $? = 0
configure:15250: result: PTHREAD_CREATE_JOINABLE
configure:15264: checking whether more special flags are required for pthreads
configure:15277: result: no
configure:15285: checking for PTHREAD_PRIO_INHERIT
configure:15301: gcc -o conftest -Wall -Wmissing-prototypes -Wpointer-arith -O2 -pedantic -fomit-frame-pointer -m64 -mtune=broadwell -march=broadwell -pthread  -I/root/static/include  -L/root/static/lib conftest.c   >&5
conftest.c: In function 'main':
conftest.c:51:5: warning: unused variable 'i' [-Wunused-variable]
 int i = PTHREAD_PRIO_INHERIT;
     ^
configure:15301: $? = 0
configure:15310: result: yes
configure:15414: checking for ISO C11 thread support
configure:15446: gcc -o conftest -Wall -Wmissing-prototypes -Wpointer-arith -O2 -pedantic -fomit-frame-pointer -m64 -mtune=broadwell -march=broadwell  -I/root/static/include  -L/root/static/lib conftest.c  >&5
conftest.c:51:20: fatal error: thread.h: No such file or directory
compilation terminated.
configure:15446: $? = 1
configure: failed program was:
| /* confdefs.h */
| #define PACKAGE_NAME "MPFR"
| #define PACKAGE_TARNAME "mpfr"
| #define PACKAGE_VERSION "4.0.1"
| #define PACKAGE_STRING "MPFR 4.0.1"
| #define PACKAGE_BUGREPORT ""
| #define PACKAGE_URL ""
| #define STDC_HEADERS 1
| #define HAVE_SYS_TYPES_H 1
| #define HAVE_SYS_STAT_H 1
| #define HAVE_STDLIB_H 1
| #define HAVE_STRING_H 1
| #define HAVE_MEMORY_H 1
| #define HAVE_STRINGS_H 1
| #define HAVE_INTTYPES_H 1
| #define HAVE_STDINT_H 1
| #define HAVE_UNISTD_H 1
| #define HAVE_DLFCN_H 1
| #define LT_OBJDIR ".libs/"
| #define HAVE_DOUBLE_IEEE_LITTLE_ENDIAN 1
| #define HAVE_LITTLE_ENDIAN 1
| #define TIME_WITH_SYS_TIME 1
| #define HAVE_LOCALE_H 1
| #define HAVE_WCHAR_H 1
| #define HAVE_STDARG 1
| #define HAVE_SYS_TIME_H 1
| #define HAVE_STRUCT_LCONV_DECIMAL_POINT 1
| #define HAVE_STRUCT_LCONV_THOUSANDS_SEP 1
| #define HAVE_ALLOCA_H 1
| #define HAVE_ALLOCA 1
| #define HAVE_VA_COPY 1
| #define HAVE_MEMMOVE 1
| #define HAVE_MEMSET 1
| #define HAVE_SETLOCALE 1
| #define HAVE_STRTOL 1
| #define HAVE_GETTIMEOFDAY 1
| #define HAVE_SIGNAL 1
| #define HAVE_SIGACTION 1
| #define HAVE_LONG_LONG 1
| #define HAVE_INTMAX_T 1
| #define MPFR_HAVE_INTMAX_MAX 1
| #define MPFR_PRINTF_MAXLM "j"
| #define MPFR_HAVE_NORETURN 1
| #define MPFR_HAVE_BUILTIN_UNREACHABLE 1
| #define MPFR_HAVE_CONSTRUCTOR_ATTR 1
| #define HAVE_PTHREAD_PRIO_INHERIT 1
| #define HAVE_PTHREAD 1
| /* end confdefs.h.  */
| 
| #include <assert.h>
| #include <thread.h>
|  mtx_t lock;
|  once_flag once = ONCE_FLAG_INIT;
|  thrd_t thd_idx;
|  int x = 0;
|  void once_call (void) { x = 1; }
| 
| int
| main (void)
| {
| 
|     int err;
|     err = mtx_init(&lock, mtx_plain);
|     assert(err == thrd_success);
|     err = mtx_lock(&lock);
|     assert(err == thrd_success);
|     err = mtx_unlock(&lock);
|     assert(err == thrd_success);
|     mtx_destroy(&lock);
|     once_call(&once, once_call);
|     return x == 1 ? 0 : -1;
| 
|   ;
|   return 0;
| }
configure:15451: result: no
configure:15465: checking for fesetround
configure:15484: gcc -o conftest -Wall -Wmissing-prototypes -Wpointer-arith -O2 -pedantic -fomit-frame-pointer -m64 -mtune=broadwell -march=broadwell  -I/root/static/include  -L/root/static/lib conftest.c  -lm >&5
configure:15484: $? = 0
configure:15494: result: yes
configure:15503: checking for gcc float-conversion bug
configure:15543: gcc -o conftest -Wall -Wmissing-prototypes -Wpointer-arith -O2 -pedantic -fomit-frame-pointer -m64 -mtune=broadwell -march=broadwell  -I/root/static/include  -L/root/static/lib conftest.c  -lm >&5
configure:15543: $? = 0
configure:15543: ./conftest
configure:15543: $? = 0
configure:15555: result: no
configure:15562: checking for subnormal double-precision numbers
configure:15582: gcc -o conftest -Wall -Wmissing-prototypes -Wpointer-arith -O2 -pedantic -fomit-frame-pointer -m64 -mtune=broadwell -march=broadwell  -I/root/static/include  -L/root/static/lib conftest.c  >&5
configure:15582: $? = 0
configure:15582: ./conftest
1.112537e-308
configure:15582: $? = 0
configure:15593: result: yes
configure:15600: checking for subnormal single-precision numbers
configure:15620: gcc -o conftest -Wall -Wmissing-prototypes -Wpointer-arith -O2 -pedantic -fomit-frame-pointer -m64 -mtune=broadwell -march=broadwell  -I/root/static/include  -L/root/static/lib conftest.c  >&5
configure:15620: $? = 0
configure:15620: ./conftest
5.877472e-39
configure:15620: $? = 0
configure:15631: result: yes
configure:15639: checking for signed zeros
configure:15656: gcc -o conftest -Wall -Wmissing-prototypes -Wpointer-arith -O2 -pedantic -fomit-frame-pointer -m64 -mtune=broadwell -march=broadwell  -I/root/static/include  -L/root/static/lib conftest.c  >&5
configure:15656: $? = 0
configure:15656: ./conftest
configure:15656: $? = 0
configure:15667: result: yes
configure:15675: checking if the FP division by 0 fails
configure:15696: gcc -o conftest -Wall -Wmissing-prototypes -Wpointer-arith -O2 -pedantic -fomit-frame-pointer -m64 -mtune=broadwell -march=broadwell  -I/root/static/include  -L/root/static/lib conftest.c  >&5
configure:15696: $? = 0
configure:15696: ./conftest
configure:15696: $? = 0
configure:15707: result: no
configure:15721: checking if NAN == NAN
configure:15745: gcc -o conftest -Wall -Wmissing-prototypes -Wpointer-arith -O2 -pedantic -fomit-frame-pointer -m64 -mtune=broadwell -march=broadwell  -I/root/static/include  -L/root/static/lib conftest.c  >&5
configure:15745: $? = 0
configure:15745: ./conftest
configure:15745: $? = 1
configure: program exited with status 1
configure: failed program was:
| /* confdefs.h */
| #define PACKAGE_NAME "MPFR"
| #define PACKAGE_TARNAME "mpfr"
| #define PACKAGE_VERSION "4.0.1"
| #define PACKAGE_STRING "MPFR 4.0.1"
| #define PACKAGE_BUGREPORT ""
| #define PACKAGE_URL ""
| #define STDC_HEADERS 1
| #define HAVE_SYS_TYPES_H 1
| #define HAVE_SYS_STAT_H 1
| #define HAVE_STDLIB_H 1
| #define HAVE_STRING_H 1
| #define HAVE_MEMORY_H 1
| #define HAVE_STRINGS_H 1
| #define HAVE_INTTYPES_H 1
| #define HAVE_STDINT_H 1
| #define HAVE_UNISTD_H 1
| #define HAVE_DLFCN_H 1
| #define LT_OBJDIR ".libs/"
| #define HAVE_DOUBLE_IEEE_LITTLE_ENDIAN 1
| #define HAVE_LITTLE_ENDIAN 1
| #define TIME_WITH_SYS_TIME 1
| #define HAVE_LOCALE_H 1
| #define HAVE_WCHAR_H 1
| #define HAVE_STDARG 1
| #define HAVE_SYS_TIME_H 1
| #define HAVE_STRUCT_LCONV_DECIMAL_POINT 1
| #define HAVE_STRUCT_LCONV_THOUSANDS_SEP 1
| #define HAVE_ALLOCA_H 1
| #define HAVE_ALLOCA 1
| #define HAVE_VA_COPY 1
| #define HAVE_MEMMOVE 1
| #define HAVE_MEMSET 1
| #define HAVE_SETLOCALE 1
| #define HAVE_STRTOL 1
| #define HAVE_GETTIMEOFDAY 1
| #define HAVE_SIGNAL 1
| #define HAVE_SIGACTION 1
| #define HAVE_LONG_LONG 1
| #define HAVE_INTMAX_T 1
| #define MPFR_HAVE_INTMAX_MAX 1
| #define MPFR_PRINTF_MAXLM "j"
| #define MPFR_HAVE_NORETURN 1
| #define MPFR_HAVE_BUILTIN_UNREACHABLE 1
| #define MPFR_HAVE_CONSTRUCTOR_ATTR 1
| #define HAVE_PTHREAD_PRIO_INHERIT 1
| #define HAVE_PTHREAD 1
| #define MPFR_HAVE_FESETROUND 1
| #define HAVE_DENORMS 1
| #define HAVE_DENORMS_FLT 1
| #define HAVE_SIGNEDZ 1
| /* end confdefs.h.  */
| 
| #include <stdio.h>
| #include <math.h>
| #ifndef NAN
| # define NAN (0.0/0.0)
| #endif
| int main (void) {
|   double d;
|   d = NAN;
|   return d != d;
| }
| 
configure:15756: result: no
configure:15784: checking if charset has consecutive values
configure:15814: gcc -o conftest -Wall -Wmissing-prototypes -Wpointer-arith -O2 -pedantic -fomit-frame-pointer -m64 -mtune=broadwell -march=broadwell  -I/root/static/include  -L/root/static/lib conftest.c  >&5
configure:15814: $? = 0
configure:15814: ./conftest
configure:15814: $? = 0
configure:15815: result: yes
configure:15833: checking for math/round
configure:15851: gcc -o conftest -Wall -Wmissing-prototypes -Wpointer-arith -O2 -pedantic -fomit-frame-pointer -m64 -mtune=broadwell -march=broadwell  -I/root/static/include  -L/root/static/lib conftest.c  -lm >&5
configure:15851: $? = 0
configure:15853: result: yes
configure:15866: checking for math/trunc
configure:15884: gcc -o conftest -Wall -Wmissing-prototypes -Wpointer-arith -O2 -pedantic -fomit-frame-pointer -m64 -mtune=broadwell -march=broadwell  -I/root/static/include  -L/root/static/lib conftest.c  -lm >&5
configure:15884: $? = 0
configure:15886: result: yes
configure:15899: checking for math/floor
configure:15917: gcc -o conftest -Wall -Wmissing-prototypes -Wpointer-arith -O2 -pedantic -fomit-frame-pointer -m64 -mtune=broadwell -march=broadwell  -I/root/static/include  -L/root/static/lib conftest.c  -lm >&5
configure:15917: $? = 0
configure:15919: result: yes
configure:15932: checking for math/ceil
configure:15950: gcc -o conftest -Wall -Wmissing-prototypes -Wpointer-arith -O2 -pedantic -fomit-frame-pointer -m64 -mtune=broadwell -march=broadwell  -I/root/static/include  -L/root/static/lib conftest.c  -lm >&5
configure:15950: $? = 0
configure:15952: result: yes
configure:15965: checking for math/nearbyint
configure:15983: gcc -o conftest -Wall -Wmissing-prototypes -Wpointer-arith -O2 -pedantic -fomit-frame-pointer -m64 -mtune=broadwell -march=broadwell  -I/root/static/include  -L/root/static/lib conftest.c  -lm >&5
configure:15983: $? = 0
configure:15985: result: yes
configure:15998: checking for _mulx_u64
configure:16023: gcc -o conftest -Wall -Wmissing-prototypes -Wpointer-arith -O2 -pedantic -fomit-frame-pointer -m64 -mtune=broadwell -march=broadwell  -I/root/static/include  -L/root/static/lib conftest.c  -lm >&5
configure:16023: $? = 0
configure:16023: ./conftest
configure:16023: $? = 0
configure:16024: result: yes
configure:16045: checking for long double
configure:16045: gcc -c -Wall -Wmissing-prototypes -Wpointer-arith -O2 -pedantic -fomit-frame-pointer -m64 -mtune=broadwell -march=broadwell  -I/root/static/include conftest.c >&5
configure:16045: $? = 0
configure:16045: gcc -c -Wall -Wmissing-prototypes -Wpointer-arith -O2 -pedantic -fomit-frame-pointer -m64 -mtune=broadwell -march=broadwell  -I/root/static/include conftest.c >&5
conftest.c: In function 'main':
conftest.c:95:26: error: expected expression before ')' token
 if (sizeof ((long double)))
                          ^
configure:16045: $? = 1
configure: failed program was:
| /* confdefs.h */
| #define PACKAGE_NAME "MPFR"
| #define PACKAGE_TARNAME "mpfr"
| #define PACKAGE_VERSION "4.0.1"
| #define PACKAGE_STRING "MPFR 4.0.1"
| #define PACKAGE_BUGREPORT ""
| #define PACKAGE_URL ""
| #define STDC_HEADERS 1
| #define HAVE_SYS_TYPES_H 1
| #define HAVE_SYS_STAT_H 1
| #define HAVE_STDLIB_H 1
| #define HAVE_STRING_H 1
| #define HAVE_MEMORY_H 1
| #define HAVE_STRINGS_H 1
| #define HAVE_INTTYPES_H 1
| #define HAVE_STDINT_H 1
| #define HAVE_UNISTD_H 1
| #define HAVE_DLFCN_H 1
| #define LT_OBJDIR ".libs/"
| #define HAVE_DOUBLE_IEEE_LITTLE_ENDIAN 1
| #define HAVE_LITTLE_ENDIAN 1
| #define TIME_WITH_SYS_TIME 1
| #define HAVE_LOCALE_H 1
| #define HAVE_WCHAR_H 1
| #define HAVE_STDARG 1
| #define HAVE_SYS_TIME_H 1
| #define HAVE_STRUCT_LCONV_DECIMAL_POINT 1
| #define HAVE_STRUCT_LCONV_THOUSANDS_SEP 1
| #define HAVE_ALLOCA_H 1
| #define HAVE_ALLOCA 1
| #define HAVE_VA_COPY 1
| #define HAVE_MEMMOVE 1
| #define HAVE_MEMSET 1
| #define HAVE_SETLOCALE 1
| #define HAVE_STRTOL 1
| #define HAVE_GETTIMEOFDAY 1
| #define HAVE_SIGNAL 1
| #define HAVE_SIGACTION 1
| #define HAVE_LONG_LONG 1
| #define HAVE_INTMAX_T 1
| #define MPFR_HAVE_INTMAX_MAX 1
| #define MPFR_PRINTF_MAXLM "j"
| #define MPFR_HAVE_NORETURN 1
| #define MPFR_HAVE_BUILTIN_UNREACHABLE 1
| #define MPFR_HAVE_CONSTRUCTOR_ATTR 1
| #define HAVE_PTHREAD_PRIO_INHERIT 1
| #define HAVE_PTHREAD 1
| #define MPFR_HAVE_FESETROUND 1
| #define HAVE_DENORMS 1
| #define HAVE_DENORMS_FLT 1
| #define HAVE_SIGNEDZ 1
| #define HAVE_ROUND 1
| #define HAVE_TRUNC 1
| #define HAVE_FLOOR 1
| #define HAVE_CEIL 1
| #define HAVE_NEARBYINT 1
| #define HAVE_MULX_U64 1
| /* end confdefs.h.  */
| #include <stdio.h>
| #ifdef HAVE_SYS_TYPES_H
| # include <sys/types.h>
| #endif
| #ifdef HAVE_SYS_STAT_H
| # include <sys/stat.h>
| #endif
| #ifdef STDC_HEADERS
| # include <stdlib.h>
| # include <stddef.h>
| #else
| # ifdef HAVE_STDLIB_H
| #  include <stdlib.h>
| # endif
| #endif
| #ifdef HAVE_STRING_H
| # if !defined STDC_HEADERS && defined HAVE_MEMORY_H
| #  include <memory.h>
| # endif
| # include <string.h>
| #endif
| #ifdef HAVE_STRINGS_H
| # include <strings.h>
| #endif
| #ifdef HAVE_INTTYPES_H
| # include <inttypes.h>
| #endif
| #ifdef HAVE_STDINT_H
| # include <stdint.h>
| #endif
| #ifdef HAVE_UNISTD_H
| # include <unistd.h>
| #endif
| int
| main (void)
| {
| if (sizeof ((long double)))
| 	    return 0;
|   ;
|   return 0;
| }
configure:16045: result: yes
configure:16055: checking format of `long double' floating point
configure:16082: gcc -Wall -Wmissing-prototypes -Wpointer-arith -O2 -pedantic -fomit-frame-pointer -m64 -mtune=broadwell -march=broadwell  -I/root/static/include -c conftest.c >&5 2>&1
configure:16085: $? = 0
configure:16380: result: IEEE extended, little endian
configure:16448: checking for TLS support using C11
configure:16469: gcc -o conftest -Wall -Wmissing-prototypes -Wpointer-arith -O2 -pedantic -fomit-frame-pointer -m64 -mtune=broadwell -march=broadwell  -I/root/static/include -I./src  -L/root/static/lib conftest.c  >&5
configure:16469: $? = 0
configure:16469: ./conftest
configure:16469: $? = 0
configure:16470: result: yes
configure:16548: checking if compiler knows _Decimal64
configure:16561: gcc -c -Wall -Wmissing-prototypes -Wpointer-arith -O2 -pedantic -fomit-frame-pointer -m64 -mtune=broadwell -march=broadwell  -I/root/static/include conftest.c >&5
conftest.c:63:1: warning: ISO C does not support decimal floating point [-Wpedantic]
 _Decimal64 x;
 ^
configure:16561: $? = 0
configure:16562: result: yes
configure:16564: checking decimal float format
configure:16595: gcc -o conftest -Wall -Wmissing-prototypes -Wpointer-arith -O2 -pedantic -fomit-frame-pointer -m64 -mtune=broadwell -march=broadwell  -I/root/static/include  -L/root/static/lib conftest.c  >&5
conftest.c: In function 'main':
conftest.c:70:10: warning: ISO C does not support decimal floating point [-Wpedantic]
 volatile _Decimal64 x = 1;
          ^
conftest.c:71:19: warning: ISO C does not support decimal floating point [-Wpedantic]
 union { double d; _Decimal64 d64; } y;
                   ^
conftest.c:73:9: warning: decimal float constants are a GCC extension
 y.d64 = 1234567890123456.0dd;
         ^
configure:16595: $? = 0
configure:16595: ./conftest
configure:16595: $? = 81
configure: program exited with status 81
configure: failed program was:
| /* confdefs.h */
| #define PACKAGE_NAME "MPFR"
| #define PACKAGE_TARNAME "mpfr"
| #define PACKAGE_VERSION "4.0.1"
| #define PACKAGE_STRING "MPFR 4.0.1"
| #define PACKAGE_BUGREPORT ""
| #define PACKAGE_URL ""
| #define STDC_HEADERS 1
| #define HAVE_SYS_TYPES_H 1
| #define HAVE_SYS_STAT_H 1
| #define HAVE_STDLIB_H 1
| #define HAVE_STRING_H 1
| #define HAVE_MEMORY_H 1
| #define HAVE_STRINGS_H 1
| #define HAVE_INTTYPES_H 1
| #define HAVE_STDINT_H 1
| #define HAVE_UNISTD_H 1
| #define HAVE_DLFCN_H 1
| #define LT_OBJDIR ".libs/"
| #define HAVE_DOUBLE_IEEE_LITTLE_ENDIAN 1
| #define HAVE_LITTLE_ENDIAN 1
| #define TIME_WITH_SYS_TIME 1
| #define HAVE_LOCALE_H 1
| #define HAVE_WCHAR_H 1
| #define HAVE_STDARG 1
| #define HAVE_SYS_TIME_H 1
| #define HAVE_STRUCT_LCONV_DECIMAL_POINT 1
| #define HAVE_STRUCT_LCONV_THOUSANDS_SEP 1
| #define HAVE_ALLOCA_H 1
| #define HAVE_ALLOCA 1
| #define HAVE_VA_COPY 1
| #define HAVE_MEMMOVE 1
| #define HAVE_MEMSET 1
| #define HAVE_SETLOCALE 1
| #define HAVE_STRTOL 1
| #define HAVE_GETTIMEOFDAY 1
| #define HAVE_SIGNAL 1
| #define HAVE_SIGACTION 1
| #define HAVE_LONG_LONG 1
| #define HAVE_INTMAX_T 1
| #define MPFR_HAVE_INTMAX_MAX 1
| #define MPFR_PRINTF_MAXLM "j"
| #define MPFR_HAVE_NORETURN 1
| #define MPFR_HAVE_BUILTIN_UNREACHABLE 1
| #define MPFR_HAVE_CONSTRUCTOR_ATTR 1
| #define HAVE_PTHREAD_PRIO_INHERIT 1
| #define HAVE_PTHREAD 1
| #define MPFR_HAVE_FESETROUND 1
| #define HAVE_DENORMS 1
| #define HAVE_DENORMS_FLT 1
| #define HAVE_SIGNEDZ 1
| #define HAVE_ROUND 1
| #define HAVE_TRUNC 1
| #define HAVE_FLOOR 1
| #define HAVE_CEIL 1
| #define HAVE_NEARBYINT 1
| #define HAVE_MULX_U64 1
| #define HAVE_LONG_DOUBLE 1
| #define HAVE_LDOUBLE_IEEE_EXT_LITTLE 1
| #define MPFR_USE_THREAD_SAFE 1
| #define MPFR_USE_C11_THREAD_SAFE 1
| /* end confdefs.h.  */
| 
| #include <stdlib.h>
| 
| int
| main (void)
| {
| 
| volatile _Decimal64 x = 1;
| union { double d; _Decimal64 d64; } y;
| if (x != x) return 83;
| y.d64 = 1234567890123456.0dd;
| return y.d == 0.14894469406741037E-123 ? 80 :
|        y.d == 0.59075095508629822E-68  ? 81 : 82;
| 
|   ;
|   return 0;
| }
configure:16613: result: BID
configure:16649: checking if compiler knows __float128 with C99 constants
configure:16662: gcc -c -Wall -Wmissing-prototypes -Wpointer-arith -O2 -pedantic -fomit-frame-pointer -m64 -mtune=broadwell -march=broadwell  -I/root/static/include conftest.c >&5
conftest.c:64:1: warning: non-standard suffix on floating constant [-Wpedantic]
 __float128 x = 0x1.fp+16383q;
 ^
configure:16662: $? = 0
configure:16663: result: yes
configure:16679: checking for Static Assertion support
configure:16702: gcc -c -Wall -Wmissing-prototypes -Wpointer-arith -O2 -pedantic -fomit-frame-pointer -m64 -mtune=broadwell -march=broadwell  -I/root/static/include -I./src conftest.c >&5
configure:16702: $? = 0
configure:16703: result: yes
configure:16819: checking for library containing clock_gettime
configure:16850: gcc -o conftest -Wall -Wmissing-prototypes -Wpointer-arith -O2 -pedantic -fomit-frame-pointer -m64 -mtune=broadwell -march=broadwell  -I/root/static/include  -L/root/static/lib conftest.c  >&5
configure:16850: $? = 0
configure:16867: result: none required
configure:16883: checking for gmp.h
configure:16891: gcc -c -Wall -Wmissing-prototypes -Wpointer-arith -O2 -pedantic -fomit-frame-pointer -m64 -mtune=broadwell -march=broadwell  -I/root/static/include conftest.c >&5
configure:16891: $? = 0
configure:16892: result: yes
configure:17000: checking whether gcc __attribute__ ((mode (XX))) works
configure:17016: gcc -c -Wall -Wmissing-prototypes -Wpointer-arith -O2 -pedantic -fomit-frame-pointer -m64 -mtune=broadwell -march=broadwell  -I/root/static/include conftest.c >&5
configure:17016: $? = 0
configure:17024: result: yes
configure:17036: checking for recent GMP
configure:17048: gcc -c -Wall -Wmissing-prototypes -Wpointer-arith -O2 -pedantic -fomit-frame-pointer -m64 -mtune=broadwell -march=broadwell  -I/root/static/include conftest.c >&5
configure:17048: $? = 0
configure:17049: result: yes
configure:17061: checking usable gmp.h at link time
configure:17076: gcc -o conftest -Wall -Wmissing-prototypes -Wpointer-arith -O2 -pedantic -fomit-frame-pointer -m64 -mtune=broadwell -march=broadwell  -I/root/static/include  -L/root/static/lib conftest.c  >&5
configure:17076: $? = 0
configure:17077: result: yes
configure:17117: checking for GMP_NUMB_BITS and sizeof(mp_limb_t) consistency
configure:17146: gcc -o conftest -Wall -Wmissing-prototypes -Wpointer-arith -O2 -pedantic -fomit-frame-pointer -m64 -mtune=broadwell -march=broadwell  -I/root/static/include  -L/root/static/lib conftest.c  >&5
configure:17146: $? = 0
configure:17146: ./conftest
configure:17146: $? = 0
configure:17147: result: yes
configure:17163: checking for __gmpz_init in -lgmp
configure:17188: gcc -o conftest -Wall -Wmissing-prototypes -Wpointer-arith -O2 -pedantic -fomit-frame-pointer -m64 -mtune=broadwell -march=broadwell  -I/root/static/include  -L/root/static/lib conftest.c -lgmp   >&5
configure:17188: $? = 0
configure:17198: result: yes
configure:17208: checking if gmp.h version and libgmp version are the same
configure:17248: gcc -o conftest -Wall -Wmissing-prototypes -Wpointer-arith -O2 -pedantic -fomit-frame-pointer -m64 -mtune=broadwell -march=broadwell  -I/root/static/include  -L/root/static/lib conftest.c -lgmp  >&5
configure:17248: $? = 0
configure:17248: ./conftest
gmp.h: 6.1.2 / libgmp: 6.1.2
configure:17248: $? = 0
configure:17249: result: yes
configure:17252: checking for GMP library vs header correctness
configure:17297: gcc -o conftest -Wall -Wmissing-prototypes -Wpointer-arith -O2 -pedantic -fomit-frame-pointer -m64 -mtune=broadwell -march=broadwell  -I/root/static/include  -L/root/static/lib conftest.c -lgmp  >&5
configure:17297: $? = 0
configure:17297: ./conftest
GMP_NAIL_BITS     = 0
GMP_NUMB_BITS     = 64
mp_bits_per_limb  = 64
sizeof(mp_limb_t) = 8
configure:17297: $? = 0
configure:17308: result: yes
configure:17317: checking for double-to-integer conversion bug
configure:17355: gcc -o conftest -Wall -Wmissing-prototypes -Wpointer-arith -O2 -pedantic -fomit-frame-pointer -m64 -mtune=broadwell -march=broadwell  -I/root/static/include  -L/root/static/lib conftest.c -lgmp  >&5
configure:17355: $? = 0
configure:17355: ./conftest
configure:17355: $? = 0
configure:17366: result: no
configure:17377: checking if gmp_printf supports "%jd"
configure:17413: gcc -o conftest -Wall -Wmissing-prototypes -Wpointer-arith -O2 -pedantic -fomit-frame-pointer -m64 -mtune=broadwell -march=broadwell  -I/root/static/include  -L/root/static/lib conftest.c -lgmp  >&5
configure:17413: $? = 0
configure:17413: ./conftest
configure:17413: $? = 0
configure:17414: result: yes
configure:17432: checking if gmp_printf supports "%hhd"
configure:17463: gcc -o conftest -Wall -Wmissing-prototypes -Wpointer-arith -O2 -pedantic -fomit-frame-pointer -m64 -mtune=broadwell -march=broadwell  -I/root/static/include  -L/root/static/lib conftest.c -lgmp  >&5
configure:17463: $? = 0
configure:17463: ./conftest
configure:17463: $? = 0
configure:17464: result: yes
configure:17481: checking if gmp_printf supports "%lld"
configure:17512: gcc -o conftest -Wall -Wmissing-prototypes -Wpointer-arith -O2 -pedantic -fomit-frame-pointer -m64 -mtune=broadwell -march=broadwell  -I/root/static/include  -L/root/static/lib conftest.c -lgmp  >&5
configure:17512: $? = 0
configure:17512: ./conftest
configure:17512: $? = 0
configure:17513: result: yes
configure:17530: checking if gmp_printf supports "%Lf"
configure:17563: gcc -o conftest -Wall -Wmissing-prototypes -Wpointer-arith -O2 -pedantic -fomit-frame-pointer -m64 -mtune=broadwell -march=broadwell  -I/root/static/include  -L/root/static/lib conftest.c -lgmp  >&5
configure:17563: $? = 0
configure:17563: ./conftest
configure:17563: $? = 0
configure:17564: result: yes
configure:17583: checking if gmp_printf supports "%td"
configure:17621: gcc -o conftest -Wall -Wmissing-prototypes -Wpointer-arith -O2 -pedantic -fomit-frame-pointer -m64 -mtune=broadwell -march=broadwell  -I/root/static/include  -L/root/static/lib conftest.c -lgmp  >&5
configure:17621: $? = 0
configure:17621: ./conftest
configure:17621: $? = 0
configure:17622: result: yes
configure:17686: checking for __gmpn_sbpi1_divappr_q
configure:17686: gcc -o conftest -Wall -Wmissing-prototypes -Wpointer-arith -O2 -pedantic -fomit-frame-pointer -m64 -mtune=broadwell -march=broadwell  -I/root/static/include  -L/root/static/lib conftest.c -lgmp  >&5
configure:17686: $? = 0
configure:17686: result: yes
configure:17697: checking for __gmpn_invert_limb
configure:17697: gcc -o conftest -Wall -Wmissing-prototypes -Wpointer-arith -O2 -pedantic -fomit-frame-pointer -m64 -mtune=broadwell -march=broadwell  -I/root/static/include  -L/root/static/lib conftest.c -lgmp  >&5
configure:17697: $? = 0
configure:17697: result: yes
configure:17708: checking for __gmpn_rsblsh_n
configure:17708: gcc -o conftest -Wall -Wmissing-prototypes -Wpointer-arith -O2 -pedantic -fomit-frame-pointer -m64 -mtune=broadwell -march=broadwell  -I/root/static/include  -L/root/static/lib conftest.c -lgmp  >&5
configure:17708: $? = 0
configure:17708: result: yes
configure:17720: checking for long to fit in mp_limb_t
configure:17745: gcc -c -Wall -Wmissing-prototypes -Wpointer-arith -O2 -pedantic -fomit-frame-pointer -m64 -mtune=broadwell -march=broadwell  -I/root/static/include -I./src conftest.c >&5
configure:17745: $? = 0
configure:17753: result: yes
configure:17766: checking for getrusage
configure:17766: gcc -o conftest -Wall -Wmissing-prototypes -Wpointer-arith -O2 -pedantic -fomit-frame-pointer -m64 -mtune=broadwell -march=broadwell  -I/root/static/include  -L/root/static/lib conftest.c -lgmp  >&5
configure:17766: $? = 0
configure:17766: result: yes
configure:17949: checking that generated files are newer than configure
configure:17955: result: done
configure:17982: creating ./config.status

## ---------------------- ##
## Running config.status. ##
## ---------------------- ##

This file was extended by MPFR config.status 4.0.1, which was
generated by GNU Autoconf 2.69.  Invocation command line was

  CONFIG_FILES    = 
  CONFIG_HEADERS  = 
  CONFIG_LINKS    = 
  CONFIG_COMMANDS = 
  $ ./config.status 

on HK

config.status:1034: creating Makefile
config.status:1034: creating mpfr.pc
config.status:1034: creating doc/Makefile
config.status:1034: creating src/Makefile
config.status:1034: creating tests/Makefile
config.status:1034: creating tune/Makefile
config.status:1034: creating src/mparam.h
config.status:1034: creating tools/bench/Makefile
config.status:1206: executing depfiles commands
config.status:1206: executing libtool commands

## ---------------- ##
## Cache variables. ##
## ---------------- ##

ac_cv_build=x86_64-pc-linux-gnu
ac_cv_c_bigendian=no
ac_cv_c_compiler_gnu=yes
ac_cv_c_const=yes
ac_cv_c_volatile=yes
ac_cv_env_CC_set=
ac_cv_env_CC_value=
ac_cv_env_CFLAGS_set=
ac_cv_env_CFLAGS_value=
ac_cv_env_CPPFLAGS_set=
ac_cv_env_CPPFLAGS_value=
ac_cv_env_CPP_set=
ac_cv_env_CPP_value=
ac_cv_env_LDFLAGS_set=
ac_cv_env_LDFLAGS_value=
ac_cv_env_LIBS_set=
ac_cv_env_LIBS_value=
ac_cv_env_LT_SYS_LIBRARY_PATH_set=
ac_cv_env_LT_SYS_LIBRARY_PATH_value=
ac_cv_env_build_alias_set=
ac_cv_env_build_alias_value=
ac_cv_env_host_alias_set=
ac_cv_env_host_alias_value=
ac_cv_env_target_alias_set=
ac_cv_env_target_alias_value=
ac_cv_func___gmpn_invert_limb=yes
ac_cv_func___gmpn_rsblsh_n=yes
ac_cv_func___gmpn_sbpi1_divappr_q=yes
ac_cv_func_alloca_works=yes
ac_cv_func_getrusage=yes
ac_cv_func_gettimeofday=yes
ac_cv_func_memmove=yes
ac_cv_func_memset=yes
ac_cv_func_setlocale=yes
ac_cv_func_signal=yes
ac_cv_func_strtol=yes
ac_cv_header_dlfcn_h=yes
ac_cv_header_float_h=yes
ac_cv_header_inttypes_h=yes
ac_cv_header_limits_h=yes
ac_cv_header_locale_h=yes
ac_cv_header_memory_h=yes
ac_cv_header_stdarg_h=yes
ac_cv_header_stdc=yes
ac_cv_header_stdint_h=yes
ac_cv_header_stdlib_h=yes
ac_cv_header_string_h=yes
ac_cv_header_strings_h=yes
ac_cv_header_sys_fpu_h=no
ac_cv_header_sys_stat_h=yes
ac_cv_header_sys_time_h=yes
ac_cv_header_sys_types_h=yes
ac_cv_header_time=yes
ac_cv_header_unistd_h=yes
ac_cv_header_wchar_h=yes
ac_cv_host=x86_64-pc-linux-gnu
ac_cv_lib_gmp___gmpz_init=yes
ac_cv_lib_m_main=yes
ac_cv_lib_quadmath_main=yes
ac_cv_member_struct_lconv_decimal_point=yes
ac_cv_member_struct_lconv_thousands_sep=yes
ac_cv_objext=o
ac_cv_path_EGREP='/bin/grep -E'
ac_cv_path_FGREP='/bin/grep -F'
ac_cv_path_GREP=/bin/grep
ac_cv_path_SED=/bin/sed
ac_cv_path_install='/usr/bin/install -c'
ac_cv_path_lt_DD=/bin/dd
ac_cv_path_mkdir=/bin/mkdir
ac_cv_prog_AWK=mawk
ac_cv_prog_CPP='gcc -E'
ac_cv_prog_ac_ct_AR=ar
ac_cv_prog_ac_ct_CC=gcc
ac_cv_prog_ac_ct_MANIFEST_TOOL=mt
ac_cv_prog_ac_ct_OBJDUMP=objdump
ac_cv_prog_ac_ct_RANLIB=ranlib
ac_cv_prog_ac_ct_STRIP=strip
ac_cv_prog_cc_c89=
ac_cv_prog_cc_g=yes
ac_cv_prog_make_make_set=yes
ac_cv_search_clock_gettime='none required'
ac_cv_type_intmax_t=yes
ac_cv_type_long_double=yes
ac_cv_type_long_long_int=yes
ac_cv_type_size_t=yes
ac_cv_type_union_fpc_csr=no
ac_cv_working_alloca_h=yes
am_cv_CC_dependencies_compiler_type=gcc3
am_cv_ar_interface=ar
am_cv_make_support_nested_variables=yes
am_cv_prog_cc_c_o=yes
ax_cv_PTHREAD_CLANG=no
ax_cv_PTHREAD_JOINABLE_ATTR=PTHREAD_CREATE_JOINABLE
ax_cv_PTHREAD_PRIO_INHERIT=yes
ax_cv_PTHREAD_SPECIAL_FLAGS=no
gmp_cv_c_attribute_mode=yes
lt_cv_ar_at_file=@
lt_cv_deplibs_check_method=pass_all
lt_cv_file_magic_cmd='$MAGIC_CMD'
lt_cv_file_magic_test_file=
lt_cv_ld_reload_flag=-r
lt_cv_nm_interface='BSD nm'
lt_cv_objdir=.libs
lt_cv_path_LD=/usr/bin/ld
lt_cv_path_NM='/usr/bin/nm -B'
lt_cv_path_mainfest_tool=no
lt_cv_prog_compiler_c_o=yes
lt_cv_prog_compiler_pic='-fPIC -DPIC'
lt_cv_prog_compiler_pic_works=yes
lt_cv_prog_compiler_rtti_exceptions=no
lt_cv_prog_compiler_static_works=yes
lt_cv_prog_gnu_ld=yes
lt_cv_sharedlib_from_linklib_cmd='printf %s\n'
lt_cv_shlibpath_overrides_runpath=no
lt_cv_sys_global_symbol_pipe='sed -n -e '\''s/^.*[	 ]\([ABCDGIRSTW][ABCDGIRSTW]*\)[	 ][	 ]*\([_A-Za-z][_A-Za-z0-9]*\)$/\1 \2 \2/p'\'' | sed '\''/ __gnu_lto/d'\'''
lt_cv_sys_global_symbol_to_c_name_address='sed -n -e '\''s/^: \(.*\) .*$/  {"\1", (void *) 0},/p'\'' -e '\''s/^[ABCDGIRSTW][ABCDGIRSTW]* .* \(.*\)$/  {"\1", (void *) \&\1},/p'\'''
lt_cv_sys_global_symbol_to_c_name_address_lib_prefix='sed -n -e '\''s/^: \(.*\) .*$/  {"\1", (void *) 0},/p'\'' -e '\''s/^[ABCDGIRSTW][ABCDGIRSTW]* .* \(lib.*\)$/  {"\1", (void *) \&\1},/p'\'' -e '\''s/^[ABCDGIRSTW][ABCDGIRSTW]* .* \(.*\)$/  {"lib\1", (void *) \&\1},/p'\'''
lt_cv_sys_global_symbol_to_cdecl='sed -n -e '\''s/^T .* \(.*\)$/extern int \1();/p'\'' -e '\''s/^[ABCDGIRSTW][ABCDGIRSTW]* .* \(.*\)$/extern char \1;/p'\'''
lt_cv_sys_global_symbol_to_import=
lt_cv_sys_max_cmd_len=1572864
lt_cv_to_host_file_cmd=func_convert_file_noop
lt_cv_to_tool_file_cmd=func_convert_file_noop
lt_cv_truncate_bin='/bin/dd bs=4096 count=1'
mpfr_cv_c_long_double_format='IEEE extended, little endian'
mpfr_cv_check_gmp=yes
mpfr_cv_dbl_int_bug=no
mpfr_cv_errdivzero=no
mpfr_cv_gcc_floatconv_bug=no
mpfr_cv_have_builtin_unreachable=yes
mpfr_cv_have_denorms=yes
mpfr_cv_have_denorms_flt=yes
mpfr_cv_have_fesetround=yes
mpfr_cv_have_intmax_max=yes
mpfr_cv_have_noreturn=yes
mpfr_cv_have_signedz=yes
mpfr_cv_long_within_limb=yes
mpfr_cv_nanisnan=no
mpfr_cv_printf_maxlm=j

## ----------------- ##
## Output variables. ##
## ----------------- ##

ACLOCAL='${SHELL} /root/src/mpfr-4.0.1/missing aclocal-1.15'
ALLOCA=''
AMDEPBACKSLASH='\'
AMDEP_FALSE='#'
AMDEP_TRUE=''
AMTAR='$${TAR-tar}'
AM_BACKSLASH='\'
AM_DEFAULT_V='$(AM_DEFAULT_VERBOSITY)'
AM_DEFAULT_VERBOSITY='1'
AM_V='$(V)'
AR='ar'
AS='as'
AUTOCONF='${SHELL} /root/src/mpfr-4.0.1/missing autoconf'
AUTOHEADER='${SHELL} /root/src/mpfr-4.0.1/missing autoheader'
AUTOMAKE='${SHELL} /root/src/mpfr-4.0.1/missing automake-1.15'
AWK='mawk'
CC='gcc'
CCDEPMODE='depmode=gcc3'
CFLAGS='-Wall -Wmissing-prototypes -Wpointer-arith -O2 -pedantic -fomit-frame-pointer -m64 -mtune=broadwell -march=broadwell'
CPP='gcc -E'
CPPFLAGS=' -I/root/static/include'
CYGPATH_W='echo'
DATAFILES=''
DEFS='-DHAVE_INTTYPES_H=1 -DHAVE_STDINT_H=1 -DLT_OBJDIR=\".libs/\" -DHAVE_DOUBLE_IEEE_LITTLE_ENDIAN=1 -DHAVE_LITTLE_ENDIAN=1 -DTIME_WITH_SYS_TIME=1 -DHAVE_LOCALE_H=1 -DHAVE_WCHAR_H=1 -DHAVE_STDARG=1 -DHAVE_SYS_TIME_H=1 -DHAVE_STRUCT_LCONV_DECIMAL_POINT=1 -DHAVE_STRUCT_LCONV_THOUSANDS_SEP=1 -DHAVE_ALLOCA_H=1 -DHAVE_VA_COPY=1 -DHAVE_SETLOCALE=1 -DHAVE_GETTIMEOFDAY=1 -DHAVE_SIGNAL=1 -DHAVE_SIGACTION=1 -DHAVE_LONG_LONG=1 -DHAVE_INTMAX_T=1 -DMPFR_HAVE_INTMAX_MAX=1 -DMPFR_PRINTF_MAXLM=\"j\" -DMPFR_HAVE_NORETURN=1 -DMPFR_HAVE_BUILTIN_UNREACHABLE=1 -DMPFR_HAVE_CONSTRUCTOR_ATTR=1 -DHAVE_PTHREAD_PRIO_INHERIT=1 -DHAVE_PTHREAD=1 -DMPFR_HAVE_FESETROUND=1 -DHAVE_DENORMS=1 -DHAVE_DENORMS_FLT=1 -DHAVE_SIGNEDZ=1 -DHAVE_ROUND=1 -DHAVE_TRUNC=1 -DHAVE_FLOOR=1 -DHAVE_CEIL=1 -DHAVE_NEARBYINT=1 -DHAVE_MULX_U64=1 -DHAVE_LDOUBLE_IEEE_EXT_LITTLE=1 -DMPFR_USE_THREAD_SAFE=1 -DMPFR_USE_C11_THREAD_SAFE=1 -DMPFR_WANT_DECIMAL_FLOATS=1 -DMPFR_WANT_FLOAT128=1 -DMPFR_USE_STATIC_ASSERT=1 -DHAVE_CLOCK_GETTIME=1 -DHAVE_ATTRIBUTE_MODE=1 -DPRINTF_L=1 -DPRINTF_T=1 -DHAVE___GMPN_SBPI1_DIVAPPR_Q=1 -DHAVE___GMPN_INVERT_LIMB=1 -DHAVE___GMPN_RSBLSH_N=1 -DMPFR_LONG_WITHIN_LIMB=1 -DHAVE_GETRUSAGE=1'
DEPDIR='.deps'
DLLTOOL='false'
DSYMUTIL=''
DUMPBIN=''
ECHO_C=''
ECHO_N='-n'
ECHO_T=''
EGREP='/bin/grep -E'
EXEEXT=''
FGREP='/bin/grep -F'
GREP='/bin/grep'
INSTALL_DATA='${INSTALL} -m 644'
INSTALL_PROGRAM='${INSTALL}'
INSTALL_SCRIPT='${INSTALL}'
INSTALL_STRIP_PROGRAM='$(install_sh) -c -s'
LD='/usr/bin/ld -m elf_x86_64'
LDFLAGS=' -L/root/static/lib'
LIBMPFR_LDFLAGS=''
LIBOBJS=''
LIBS='-lgmp '
LIBTOOL='$(SHELL) $(top_builddir)/libtool'
LIPO=''
LN_S='ln -s'
LTLIBOBJS=''
LT_SYS_LIBRARY_PATH=''
MAINT=''
MAINTAINER_MODE_FALSE='#'
MAINTAINER_MODE_TRUE=''
MAKEINFO='${SHELL} /root/src/mpfr-4.0.1/missing makeinfo'
MANIFEST_TOOL=':'
MKDIR_P='/bin/mkdir -p'
MPFR_LDFLAGS=''
MPFR_LIBM='-lm'
MPFR_LIBQUADMATH='-lquadmath'
NM='/usr/bin/nm -B'
NMEDIT=''
OBJDUMP='objdump'
OBJEXT='o'
OTOOL64=''
OTOOL=''
PACKAGE='mpfr'
PACKAGE_BUGREPORT=''
PACKAGE_NAME='MPFR'
PACKAGE_STRING='MPFR 4.0.1'
PACKAGE_TARNAME='mpfr'
PACKAGE_URL=''
PACKAGE_VERSION='4.0.1'
PATH_SEPARATOR=':'
PTHREAD_CC='gcc'
PTHREAD_CFLAGS='-pthread'
PTHREAD_LIBS=''
RANLIB='ranlib'
SED='/bin/sed'
SET_MAKE=''
SHELL='/bin/bash'
STRIP='strip'
TUNE_LIBS=''
VERSION='4.0.1'
ac_ct_AR='ar'
ac_ct_CC='gcc'
ac_ct_DUMPBIN=''
am__EXEEXT_FALSE=''
am__EXEEXT_TRUE='#'
am__fastdepCC_FALSE='#'
am__fastdepCC_TRUE=''
am__include='include'
am__isrc=''
am__leading_dot='.'
am__nodep='_no'
am__quote=''
am__tar='$${TAR-tar} chof - "$$tardir"'
am__untar='$${TAR-tar} xf -'
ax_pthread_config=''
bindir='${exec_prefix}/bin'
build='x86_64-pc-linux-gnu'
build_alias=''
build_cpu='x86_64'
build_os='linux-gnu'
build_vendor='pc'
datadir='${datarootdir}'
datarootdir='${prefix}/share'
docdir='${datarootdir}/doc/${PACKAGE_TARNAME}'
dvidir='${docdir}'
exec_prefix='${prefix}'
host='x86_64-pc-linux-gnu'
host_alias=''
host_cpu='x86_64'
host_os='linux-gnu'
host_vendor='pc'
htmldir='${docdir}'
includedir='${prefix}/include'
infodir='${datarootdir}/info'
install_sh='${SHELL} /root/src/mpfr-4.0.1/install-sh'
libdir='${exec_prefix}/lib'
libexecdir='${exec_prefix}/libexec'
localedir='${datarootdir}/locale'
localstatedir='${prefix}/var'
mandir='${datarootdir}/man'
mkdir_p='$(MKDIR_P)'
oldincludedir='/usr/include'
pdfdir='${docdir}'
prefix='/root/static'
program_transform_name='s,x,x,'
psdir='${docdir}'
runstatedir='${localstatedir}/run'
sbindir='${exec_prefix}/sbin'
sharedstatedir='${prefix}/com'
sysconfdir='${prefix}/etc'
target_alias=''

## ----------- ##
## confdefs.h. ##
## ----------- ##

/* confdefs.h */
#define HAVE_INTTYPES_H 1
#define HAVE_STDINT_H 1
#define LT_OBJDIR ".libs/"
#define HAVE_DOUBLE_IEEE_LITTLE_ENDIAN 1
#define HAVE_LITTLE_ENDIAN 1
#define TIME_WITH_SYS_TIME 1
#define HAVE_LOCALE_H 1
#define HAVE_WCHAR_H 1
#define HAVE_STDARG 1
#define HAVE_SYS_TIME_H 1
#define HAVE_STRUCT_LCONV_DECIMAL_POINT 1
#define HAVE_STRUCT_LCONV_THOUSANDS_SEP 1
#define HAVE_ALLOCA_H 1
#define HAVE_VA_COPY 1
#define HAVE_SETLOCALE 1
#define HAVE_GETTIMEOFDAY 1
#define HAVE_SIGNAL 1
#define HAVE_SIGACTION 1
#define HAVE_LONG_LONG 1
#define HAVE_INTMAX_T 1
#define MPFR_HAVE_INTMAX_MAX 1
#define MPFR_PRINTF_MAXLM "j"
#define MPFR_HAVE_NORETURN 1
#define MPFR_HAVE_BUILTIN_UNREACHABLE 1
#define MPFR_HAVE_CONSTRUCTOR_ATTR 1
#define HAVE_PTHREAD_PRIO_INHERIT 1
#define HAVE_PTHREAD 1
#define MPFR_HAVE_FESETROUND 1
#define HAVE_DENORMS 1
#define HAVE_DENORMS_FLT 1
#define HAVE_SIGNEDZ 1
#define HAVE_ROUND 1
#define HAVE_TRUNC 1
#define HAVE_FLOOR 1
#define HAVE_CEIL 1
#define HAVE_NEARBYINT 1
#define HAVE_MULX_U64 1
#define HAVE_LDOUBLE_IEEE_EXT_LITTLE 1
#define MPFR_USE_THREAD_SAFE 1
#define MPFR_USE_C11_THREAD_SAFE 1
#define MPFR_WANT_DECIMAL_FLOATS 1
#define MPFR_WANT_FLOAT128 1
#define MPFR_USE_STATIC_ASSERT 1
#define HAVE_CLOCK_GETTIME 1
#define HAVE_ATTRIBUTE_MODE 1
#define PRINTF_L 1
#define PRINTF_T 1
#define HAVE___GMPN_SBPI1_DIVAPPR_Q 1
#define HAVE___GMPN_INVERT_LIMB 1
#define HAVE___GMPN_RSBLSH_N 1
#define MPFR_LONG_WITHIN_LIMB 1
#define HAVE_GETRUSAGE 1

configure: exit 0
